
	 Opening now at Fini! 
	 Procedure _init calls 1 recount_primary 6 recount_secondary 2
	 Procedure _dl_mcount_wrapper_check calls 128 recount_primary 1286 recount_secondary 1026
	 Procedure _dl_addr calls 1 recount_primary 1514 recount_secondary 1244
	 Procedure wctype_l calls 9 recount_primary 1973 recount_secondary 1649
	 Procedure llseek calls 4 recount_primary 2077 recount_secondary 1725
	 Procedure mmap64 calls 3 recount_primary 2113 recount_secondary 1752
	 Procedure __sbrk calls 2 recount_primary 2205 recount_secondary 1832
	 Procedure brk calls 2 recount_primary 2253 recount_secondary 1872
	 Procedure __write calls 33 recount_primary 3111 recount_secondary 2499
	 Procedure __read calls 2 recount_primary 3163 recount_secondary 2537
	 Procedure open64 calls 3 recount_primary 3241 recount_secondary 2594
	 Procedure __fxstat64 calls 5 recount_primary 3341 recount_secondary 2674
	 Procedure _exit calls 1 recount_primary 3364 recount_secondary 2691
	 Procedure wctob calls 128 recount_primary 13476 recount_secondary 11907
	 Procedure btowc calls 256 recount_primary 36772 recount_secondary 32899
	 Procedure strchrnul calls 25 recount_primary 37572 recount_secondary 33674
	 Procedure __default_morecore calls 2 recount_primary 37586 recount_secondary 33684
	 Procedure calloc calls 1 recount_primary 37821 recount_secondary 33890
	 Procedure free calls 68 recount_primary 41765 recount_secondary 37426
	 Procedure malloc calls 65 recount_primary 55740 recount_secondary 49516
	 Procedure _IO_unsave_markers calls 1 recount_primary 55748 recount_secondary 49522
	 Procedure _IO_default_finish calls 1 recount_primary 55780 recount_secondary 49550
	 Procedure _IO_sgetn calls 2 recount_primary 55786 recount_secondary 49554
	 Procedure _IO_default_xsputn calls 32 recount_primary 58570 recount_secondary 52146
	 Procedure _IO_doallocbuf calls 3 recount_primary 58639 recount_secondary 52206
	 Procedure _IO_setb calls 5 recount_primary 58814 recount_secondary 52366
	 Procedure _IO_link_in calls 6 recount_primary 59504 recount_secondary 52996
	 Procedure _IO_un_link calls 3 recount_primary 59900 recount_secondary 53356
	 Procedure _IO_file_stat calls 5 recount_primary 59920 recount_secondary 53371
	 Procedure _IO_file_seek calls 4 recount_primary 59928 recount_secondary 53375
	 Procedure _IO_file_read calls 2 recount_primary 59948 recount_secondary 53389
	 Procedure _IO_file_overflow calls 32 recount_primary 64204 recount_secondary 57165
	 Procedure _IO_do_write calls 34 recount_primary 64714 recount_secondary 57573
	 Procedure _IO_file_fopen calls 3 recount_primary 66271 recount_secondary 58959
	 Procedure _IO_file_finish calls 1 recount_primary 66304 recount_secondary 58986
	 Procedure _IO_file_close_it calls 1 recount_primary 66391 recount_secondary 59060
	 Procedure _IO_file_init calls 3 recount_primary 66430 recount_secondary 59093
	 Procedure _IO_file_xsputn calls 19206 recount_primary 3100978 recount_secondary 2863169
	 Procedure _IO_file_setbuf calls 1 recount_primary 3100996 recount_secondary 2863184
	 Procedure _IO_file_sync calls 8 recount_primary 3101388 recount_secondary 2863520
	 Procedure _IO_file_seekoff calls 6 recount_primary 3102822 recount_secondary 2864834
	 Procedure _IO_file_close calls 1 recount_primary 3102824 recount_secondary 2864835
	 Procedure _IO_file_write calls 33 recount_primary 3104375 recount_secondary 2866188
	 Procedure _IO_putc calls 1 recount_primary 3104463 recount_secondary 2866263
	 Procedure fseek calls 4 recount_primary 3104795 recount_secondary 2866547
	 Procedure _IO_fwrite calls 19164 recount_primary 5442803 recount_secondary 4917095
	 Procedure ftell calls 2 recount_primary 5443017 recount_secondary 4917279
	 Procedure fread calls 2 recount_primary 5443227 recount_secondary 4917463
	 Procedure fopen64 calls 3 recount_primary 5443233 recount_secondary 4917466
	 Procedure _IO_fflush calls 7 recount_primary 5443835 recount_secondary 4917977
	 Procedure fclose calls 1 recount_primary 5443991 recount_secondary 4918105
	 Procedure _IO_file_doallocate calls 3 recount_primary 5444198 recount_secondary 4918291
	 Procedure printf calls 7 recount_primary 5444401 recount_secondary 4918480
	 Procedure __printf_fp calls 1 recount_primary 5446585 recount_secondary 4920469
	 Procedure vfprintf calls 7 recount_primary 5480101 recount_secondary 4950422
	 Procedure strtod calls 1 recount_primary 5480105 recount_secondary 4950425
	 Procedure strtoll calls 2 recount_primary 5480113 recount_secondary 4950431
	 Procedure rand calls 9137 recount_primary 5516661 recount_secondary 4968705
	 Procedure srandom_r calls 1 recount_primary 5516728 recount_secondary 4968769
	 Procedure random_r calls 9447 recount_primary 5951290 recount_secondary 5365543
	 Procedure random calls 9137 recount_primary 6526921 recount_secondary 5758434
	 Procedure srandom calls 1 recount_primary 6526944 recount_secondary 5758453
	 Procedure __cxa_finalize calls 3 recount_primary 6527319 recount_secondary 5758804
	 Procedure __cxa_atexit calls 6 recount_primary 6527469 recount_secondary 5758936
	 Procedure exit calls 1 recount_primary 6527484 recount_secondary 5758950
	 Procedure bsearch calls 8 recount_primary 6527852 recount_secondary 5759294
	 Procedure atoi calls 2 recount_primary 6527864 recount_secondary 5759302
	 Procedure atof calls 1 recount_primary 6527866 recount_secondary 5759303
	 Procedure _setjmp calls 1 recount_primary 6527868 recount_secondary 5759304
	 Procedure __sigsetjmp calls 1 recount_primary 6527911 recount_secondary 5759344
	 Procedure __isnan calls 1 recount_primary 6527918 recount_secondary 5759350
	 Procedure __isinf calls 1 recount_primary 6527931 recount_secondary 5759362
	 Procedure __ctype_init calls 1 recount_primary 6527947 recount_secondary 5759377
	 Procedure uselocale calls 2 recount_primary 6527989 recount_secondary 5759417
	 Procedure newlocale calls 1 recount_primary 6528603 recount_secondary 5759956
	 Procedure __libc_start_main calls 1 recount_primary 6528708 recount_secondary 5760047
	 Procedure _init calls 1 recount_primary 6528800 recount_secondary 5760130
	 Procedure _init calls 1 recount_primary 6528806 recount_secondary 5760132
	 Procedure __cxxabiv1::__vmi_class_type_info::__do_dyncast calls 12 recount_primary 6533042 recount_secondary 5764104
	 Procedure __cxxabiv1::__si_class_type_info::__do_dyncast calls 50 recount_primary 6537692 recount_secondary 5768454
	 Procedure operator new[] calls 56 recount_primary 6537916 recount_secondary 5768566
	 Procedure operator new calls 57 recount_primary 6540082 recount_secondary 5770390
	 Procedure __cxa_guard_release calls 1 recount_primary 6540099 recount_secondary 5770404
	 Procedure __cxa_guard_acquire calls 1 recount_primary 6540174 recount_secondary 5770471
	 Procedure __dynamic_cast calls 62 recount_primary 6545010 recount_secondary 5775059
	 Procedure operator delete[] calls 52 recount_primary 6545062 recount_secondary 5775059
	 Procedure operator delete calls 53 recount_primary 6545327 recount_secondary 5775218
	 Procedure std::has_facet<std::num_get<wchar_t, std::istreambuf_iterator<wchar_t, std::char_traits<wchar_t> > > > calls 4 recount_primary 6545411 recount_secondary 5775290
	 Procedure std::has_facet<std::num_put<wchar_t, std::ostreambuf_iterator<wchar_t, std::char_traits<wchar_t> > > > calls 4 recount_primary 6545495 recount_secondary 5775362
	 Procedure std::has_facet<std::ctype<wchar_t> > calls 4 recount_primary 6545579 recount_secondary 5775434
	 Procedure std::use_facet<std::num_get<wchar_t, std::istreambuf_iterator<wchar_t, std::char_traits<wchar_t> > > > calls 4 recount_primary 6545679 recount_secondary 5775514
	 Procedure std::use_facet<std::num_put<wchar_t, std::ostreambuf_iterator<wchar_t, std::char_traits<wchar_t> > > > calls 4 recount_primary 6545779 recount_secondary 5775594
	 Procedure std::use_facet<std::ctype<wchar_t> > calls 4 recount_primary 6545879 recount_secondary 5775674
	 Procedure std::messages<wchar_t>::messages calls 1 recount_primary 6545896 recount_secondary 5775688
	 Procedure std::__timepunct<wchar_t>::__timepunct calls 1 recount_primary 6545916 recount_secondary 5775705
	 Procedure std::basic_string<char, std::char_traits<char>, std::allocator<char> >::basic_string calls 1 recount_primary 6545939 recount_secondary 5775725
	 Procedure std::string::_S_construct<char const*> calls 1 recount_primary 6545996 recount_secondary 5775773
	 Procedure std::basic_string<char, std::char_traits<char>, std::allocator<char> >::~basic_string calls 1 recount_primary 6546006 recount_secondary 5775780
	 Procedure std::string::_Rep::_M_destroy calls 1 recount_primary 6546007 recount_secondary 5775780
	 Procedure std::string::_Rep::_S_create calls 1 recount_primary 6546050 recount_secondary 5775820
	 Procedure std::string::c_str calls 1 recount_primary 6546052 recount_secondary 5775821
	 Procedure std::basic_streambuf<char, std::char_traits<char> >::xsputn calls 1 recount_primary 6546099 recount_secondary 5775864
	 Procedure std::basic_ostream<wchar_t, std::char_traits<wchar_t> >::flush calls 3 recount_primary 6546159 recount_secondary 5775915
	 Procedure std::ostream::operator<< calls 14825 recount_primary 6724059 recount_secondary 5924165
	 Procedure std::ostream::_M_insert<long> calls 14825 recount_primary 8636484 recount_secondary 7436315
	 Procedure <std::char_traits<char> > calls 10 recount_primary 8636554 recount_secondary 7436365
	 Procedure <std::char_traits<char> > calls 14886 recount_primary 9008704 recount_secondary 7734085
	 Procedure std::__ostream_insert<char, std::char_traits<char> > calls 14896 recount_primary 12658224 recount_secondary 10757973
	 Procedure std::endl<char, std::char_traits<char> > calls 1 recount_primary 12658254 recount_secondary 10757997
	 Procedure std::ostream::put calls 1 recount_primary 12658343 recount_secondary 10758064
	 Procedure std::ostream::sentry::sentry calls 29722 recount_primary 13698613 recount_secondary 11709168
	 Procedure std::ostream::flush calls 4 recount_primary 13698693 recount_secondary 11709236
	 Procedure std::ostream::operator<< calls 1 recount_primary 13698694 recount_secondary 11709236
	 Procedure __gnu_cxx::stdio_sync_filebuf<char, std::char_traits<char> >::overflow calls 1 recount_primary 13698710 recount_secondary 11709249
	 Procedure __gnu_cxx::stdio_sync_filebuf<char, std::char_traits<char> >::xsputn calls 19164 recount_primary 13794530 recount_secondary 11785905
	 Procedure __gnu_cxx::stdio_sync_filebuf<char, std::char_traits<char> >::sync calls 4 recount_primary 13794538 recount_secondary 11785909
	 Procedure __gnu_cxx::stdio_sync_filebuf<wchar_t, std::char_traits<wchar_t> >::sync calls 3 recount_primary 13794544 recount_secondary 11785912
	 Procedure std::num_put<char, std::ostreambuf_iterator<char, std::char_traits<char> > >::do_put calls 9572 recount_primary 13871120 recount_secondary 11843344
	 Procedure std::num_put<char, std::ostreambuf_iterator<char, std::char_traits<char> > >::_M_insert_int<long> calls 9572 recount_primary 16149256 recount_secondary 13882180
	 Procedure std::has_facet<std::num_get<char, std::istreambuf_iterator<char, std::char_traits<char> > > > calls 6 recount_primary 16149382 recount_secondary 13882288
	 Procedure std::has_facet<std::num_put<char, std::ostreambuf_iterator<char, std::char_traits<char> > > > calls 6 recount_primary 16149508 recount_secondary 13882396
	 Procedure std::has_facet<std::codecvt<char, char, __mbstate_t> > calls 1 recount_primary 16149529 recount_secondary 13882414
	 Procedure std::has_facet<std::ctype<char> > calls 6 recount_primary 16149655 recount_secondary 13882522
	 Procedure std::use_facet<std::num_get<char, std::istreambuf_iterator<char, std::char_traits<char> > > > calls 6 recount_primary 16149805 recount_secondary 13882642
	 Procedure std::use_facet<std::num_put<char, std::ostreambuf_iterator<char, std::char_traits<char> > > > calls 6 recount_primary 16149955 recount_secondary 13882762
	 Procedure std::use_facet<std::codecvt<char, char, __mbstate_t> > calls 1 recount_primary 16149980 recount_secondary 13882782
	 Procedure std::use_facet<std::ctype<char> > calls 6 recount_primary 16150130 recount_secondary 13882902
	 Procedure std::messages<char>::messages calls 1 recount_primary 16150147 recount_secondary 13882916
	 Procedure std::__timepunct<char>::__timepunct calls 1 recount_primary 16150167 recount_secondary 13882933
	 Procedure std::basic_ios<wchar_t, std::char_traits<wchar_t> >::init calls 4 recount_primary 16150255 recount_secondary 13883009
	 Procedure std::basic_ios<wchar_t, std::char_traits<wchar_t> >::_M_cache_locale calls 4 recount_primary 16150399 recount_secondary 13883113
	 Procedure std::basic_ios<char, std::char_traits<char> >::init calls 6 recount_primary 16150531 recount_secondary 13883227
	 Procedure std::basic_ios<char, std::char_traits<char> >::_M_cache_locale calls 6 recount_primary 16150747 recount_secondary 13883383
	 Procedure std::basic_ios<char, std::char_traits<char> >::clear calls 10557 recount_primary 16446343 recount_secondary 14147308
	 Procedure std::basic_ofstream<char, std::char_traits<char> >::basic_ofstream calls 1 recount_primary 16446384 recount_secondary 14147344
	 Procedure std::basic_ofstream<char, std::char_traits<char> >::~basic_ofstream calls 1 recount_primary 16446435 recount_secondary 14147386
	 Procedure std::basic_filebuf<char, std::char_traits<char> >::close calls 1 recount_primary 16446514 recount_secondary 14147449
	 Procedure std::basic_filebuf<char, std::char_traits<char> >::overflow calls 1 recount_primary 16446658 recount_secondary 14147580
	 Procedure std::basic_filebuf<char, std::char_traits<char> >::basic_filebuf calls 1 recount_primary 16446723 recount_secondary 14147639
	 Procedure std::basic_filebuf<char, std::char_traits<char> >::xsputn calls 1 recount_primary 16446819 recount_secondary 14147728
	 Procedure std::allocator<char>::~allocator calls 1 recount_primary 16446820 recount_secondary 14147728
	 Procedure std::allocator<char>::allocator calls 1 recount_primary 16446821 recount_secondary 14147728
	 Procedure std::locale::facet::_S_create_c_locale calls 1 recount_primary 16446844 recount_secondary 14147748
	 Procedure std::__basic_file<char>::~__basic_file calls 1 recount_primary 16446845 recount_secondary 14147748
	 Procedure std::__basic_file<char>::close calls 1 recount_primary 16446879 recount_secondary 14147777
	 Procedure std::__basic_file<char>::is_open calls 2 recount_primary 16446885 recount_secondary 14147781
	 Procedure std::__basic_file<char>::__basic_file calls 1 recount_primary 16446888 recount_secondary 14147783
	 Procedure std::__timepunct<wchar_t>::_M_initialize_timepunct calls 1 recount_primary 16447292 recount_secondary 14148134
	 Procedure std::__timepunct<char>::_M_initialize_timepunct calls 1 recount_primary 16447699 recount_secondary 14148488
	 Procedure std::numpunct<wchar_t>::_M_initialize_numpunct calls 1 recount_primary 16447831 recount_secondary 14148603
	 Procedure std::numpunct<char>::_M_initialize_numpunct calls 1 recount_primary 16447963 recount_secondary 14148718
	 Procedure std::moneypunct<wchar_t, false>::_M_initialize_moneypunct calls 1 recount_primary 16448309 recount_secondary 14149008
	 Procedure std::moneypunct<wchar_t, true>::_M_initialize_moneypunct calls 1 recount_primary 16448655 recount_secondary 14149298
	 Procedure std::moneypunct<char, false>::_M_initialize_moneypunct calls 1 recount_primary 16448978 recount_secondary 14149571
	 Procedure std::moneypunct<char, true>::_M_initialize_moneypunct calls 1 recount_primary 16449301 recount_secondary 14149844
	 Procedure std::ctype<wchar_t>::_M_initialize_ctype calls 1 recount_primary 16449376 recount_secondary 14149909
	 Procedure std::ctype<wchar_t>::_M_convert_to_wmask calls 12 recount_primary 16450144 recount_secondary 14150533
	 Procedure std::error_category::error_category calls 3 recount_primary 16450156 recount_secondary 14150542
	 Procedure std::error_category::~error_category calls 3 recount_primary 16450168 recount_secondary 14150551
	 Procedure std::locale::locale calls 26 recount_primary 16451884 recount_secondary 14151903
	 Procedure std::locale::_Impl::_Impl calls 1 recount_primary 16452472 recount_secondary 14152435
	 Procedure std::locale::_Impl::_M_install_facet calls 28 recount_primary 16457176 recount_secondary 14156327
	 Procedure std::locale::id::_M_id calls 9670 recount_primary 16650576 recount_secondary 14320717
	 Procedure std::locale::~locale calls 12 recount_primary 16650840 recount_secondary 14320933
	 Procedure std::locale::operator= calls 10 recount_primary 16651230 recount_secondary 14321273
	 Procedure std::locale::facet::_S_get_c_name calls 5 recount_primary 16651240 recount_secondary 14321278
	 Procedure std::locale::facet::_S_get_c_locale calls 10 recount_primary 16651360 recount_secondary 14321368
	 Procedure std::ios_base::_M_init calls 10 recount_primary 16651520 recount_secondary 14321488
	 Procedure std::ios_base::Init::~Init calls 1 recount_primary 16651555 recount_secondary 14321512
	 Procedure std::ios_base::Init::Init calls 1 recount_primary 16651881 recount_secondary 14321796
	 Procedure std::ios_base::~ios_base calls 1 recount_primary 16651901 recount_secondary 14321812
	 Procedure std::ios_base::_M_dispose_callbacks calls 1 recount_primary 16651933 recount_secondary 14321841
	 Procedure std::ios_base::_M_call_callbacks calls 1 recount_primary 16651953 recount_secondary 14321859
	 Procedure std::ios_base::ios_base calls 9 recount_primary 16652169 recount_secondary 14322066
	 Procedure std::ctype<wchar_t>::ctype calls 1 recount_primary 16652208 recount_secondary 14322101
	 Procedure std::ctype<char>::_M_widen_init calls 1 recount_primary 16652251 recount_secondary 14322140
	 Procedure std::ctype<char>::ctype calls 1 recount_primary 16652390 recount_secondary 14322267
	 Procedure std::ctype<char>::do_widen calls 1 recount_primary 16652398 recount_secondary 14322273
	 Procedure std::ctype<char>::do_widen calls 1 recount_primary 16652400 recount_secondary 14322274
	 Procedure std::codecvt<wchar_t, char, __mbstate_t>::codecvt calls 1 recount_primary 16652415 recount_secondary 14322287
	 Procedure std::codecvt<char, char, __mbstate_t>::codecvt calls 1 recount_primary 16652430 recount_secondary 14322300
	 Procedure std::codecvt<char, char, __mbstate_t>::do_always_noconv calls 1 recount_primary 16652432 recount_secondary 14322301
	 Procedure _init calls 1 recount_primary 16652438 recount_secondary 14322303
	 Procedure free calls 2 recount_primary 16652466 recount_secondary 14322325
	 Procedure calloc calls 18 recount_primary 16652808 recount_secondary 14322631
	 Procedure malloc calls 35 recount_primary 16652913 recount_secondary 14322701
	 Procedure __libc_memalign calls 36 recount_primary 16655181 recount_secondary 14324789
	 Procedure _dl_allocate_tls_init calls 1 recount_primary 16655308 recount_secondary 14324908
	 Procedure _dl_debug_state calls 2 recount_primary 16655310 recount_secondary 14324908
	 Procedure _fini calls 1 recount_primary 16655314 recount_secondary 14324910
	 Procedure __do_global_ctors_aux calls 1 recount_primary 16655332 recount_secondary 14324926
	 Procedure __libc_csu_init calls 1 recount_primary 16655366 recount_secondary 14324957
	 Procedure error_inject_operators<int>::operator>= calls 80 recount_primary 16660486 recount_secondary 14329437
	 Procedure error_inject_operators<int>::operator< calls 2450 recount_primary 16817286 recount_secondary 14466637
	 Procedure error_inject_operators<char>::operator= calls 200 recount_primary 16819286 recount_secondary 14468437
	 Procedure error_inject_operators<int>::operator<= calls 80 recount_primary 16824406 recount_secondary 14472917
	 Procedure operator<< calls 10 recount_primary 16824546 recount_secondary 14473037
	 Procedure error_inject_operators<int>::operator> calls 2510 recount_primary 16985186 recount_secondary 14613597
	 Procedure error_inject_operators<char>::operator== calls 2691 recount_primary 17146646 recount_secondary 14756220
	 Procedure error_inject_operators<char>::operator= calls 2501 recount_primary 17169155 recount_secondary 14776228
	 Procedure error_inject_operators<int>::operator+ calls 921 recount_primary 17210600 recount_secondary 14813068
	 Procedure operator<< calls 3685 recount_primary 17258505 recount_secondary 14853603
	 Procedure error_inject_operators<int>::operator= calls 3653 recount_primary 17291382 recount_secondary 14882827
	 Procedure error_inject_operators<int>::operator== calls 405 recount_primary 17314872 recount_secondary 14903482
	 Procedure error_inject_operators<int>::operator= calls 3816 recount_primary 17349216 recount_secondary 14934010
	 Procedure tmr_add calls 245 recount_primary 17392581 recount_secondary 14968310
	 Procedure rand_percent calls 9137 recount_primary 17566184 recount_secondary 15105365
	 Procedure _GLOBAL__sub_I_seed_count calls 1 recount_primary 17566191 recount_secondary 15105370
	 Procedure __static_initialization_and_destruction_0 calls 1 recount_primary 17566216 recount_secondary 15105390
	 Procedure main calls 1 recount_primary 17566574 recount_secondary 15105689
	 Procedure lcs calls 1 recount_primary 17567640 recount_secondary 15106651
	 Procedure save_mat_b4exit calls 1 recount_primary 17567698 recount_secondary 15106699
	 Procedure stuck_need2exit calls 1 recount_primary 17567956 recount_secondary 15106923
	 Procedure rollback calls 1 recount_primary 17569956 recount_secondary 15108674
	 Procedure seed_count_track calls 9137 recount_primary 17917162 recount_secondary 15428469
	 Procedure frame_dummy calls 1 recount_primary 17917176 recount_secondary 15428481
	 Procedure __do_global_dtors_aux calls 1 recount_primary 17917201 recount_secondary 15428504
	 Procedure call_gmon_start calls 1 recount_primary 17917208 recount_secondary 15428509
	 Procedure _start calls 1 recount_primary 17917222 recount_secondary 15428521
	 Procedure _init calls 1 recount_primary 17917228 recount_secondary 15428523

	 iCount: 10379573


	 Closing now at Fini ! 
