
	 Num-items: 10	 Max-weight: 40	 Checkpoint-length: 5	 Num_checkpoints: 8

	 In fill-matrix() 

	 Item-#: 1 weight-iter: 5	 checkpoint_zone: 0 max-in-zone: 15
	 Item-#: 1 weight-iter: 10	 checkpoint_zone: 1 max-in-zone: 15
	 Item-#: 1 weight-iter: 15	 checkpoint_zone: 2 max-in-zone: 15
	 Item-#: 1 weight-iter: 20	 checkpoint_zone: 3 max-in-zone: 15
	 Item-#: 1 weight-iter: 25	 checkpoint_zone: 4 max-in-zone: 15
	 Item-#: 1 weight-iter: 30	 checkpoint_zone: 5 max-in-zone: 15
	 Item-#: 1 weight-iter: 35	 checkpoint_zone: 6 max-in-zone: 15
	 Item-#: 1 weight-iter: 40	 checkpoint_zone: 7 max-in-zone: 844710429
	 Item-#: 2 weight-iter: 5	 checkpoint_zone: 0 max-in-zone: 35
	 Item-#: 2 weight-iter: 10	 checkpoint_zone: 1 max-in-zone: 50
	 Item-#: 2 weight-iter: 15	 checkpoint_zone: 2 max-in-zone: 50
	 Item-#: 2 weight-iter: 20	 checkpoint_zone: 3 max-in-zone: 50
	 Item-#: 2 weight-iter: 25	 checkpoint_zone: 4 max-in-zone: 50
	 Item-#: 2 weight-iter: 30	 checkpoint_zone: 5 max-in-zone: 50
	 Item-#: 2 weight-iter: 35	 checkpoint_zone: 6 max-in-zone: 50
	 Item-#: 2 weight-iter: 40	 checkpoint_zone: 7 max-in-zone: 844710429
	 Item-#: 3 weight-iter: 5	 checkpoint_zone: 0 max-in-zone: 127
	 Item-#: 3 weight-iter: 10	 checkpoint_zone: 1 max-in-zone: 142
	 Item-#: 3 weight-iter: 15	 checkpoint_zone: 2 max-in-zone: 142
	 Item-#: 3 weight-iter: 20	 checkpoint_zone: 3 max-in-zone: 142
	 Item-#: 3 weight-iter: 25	 checkpoint_zone: 4 max-in-zone: 142
	 Item-#: 3 weight-iter: 30	 checkpoint_zone: 5 max-in-zone: 142
	 Item-#: 3 weight-iter: 35	 checkpoint_zone: 6 max-in-zone: 142
	 Item-#: 3 weight-iter: 40	 checkpoint_zone: 7 max-in-zone: 844710429
	 Item-#: 4 weight-iter: 5	 checkpoint_zone: 0 max-in-zone: 127
	 Item-#: 4 weight-iter: 10	 checkpoint_zone: 1 max-in-zone: 148
	 Item-#: 4 weight-iter: 15	 checkpoint_zone: 2 max-in-zone: 163
	 Item-#: 4 weight-iter: 20	 checkpoint_zone: 3 max-in-zone: 163
	 Item-#: 4 weight-iter: 25	 checkpoint_zone: 4 max-in-zone: 163
	 Item-#: 4 weight-iter: 30	 checkpoint_zone: 5 max-in-zone: 163
	 Item-#: 4 weight-iter: 35	 checkpoint_zone: 6 max-in-zone: 163
	 Item-#: 4 weight-iter: 40	 checkpoint_zone: 7 max-in-zone: 844710429
	 Item-#: 5 weight-iter: 5	 checkpoint_zone: 0 max-in-zone: 127
	 Item-#: 5 weight-iter: 10	 checkpoint_zone: 1 max-in-zone: 169
	 Item-#: 5 weight-iter: 15	 checkpoint_zone: 2 max-in-zone: 190
	 Item-#: 5 weight-iter: 20	 checkpoint_zone: 3 max-in-zone: 190
	 Item-#: 5 weight-iter: 25	 checkpoint_zone: 4 max-in-zone: 190
	 Item-#: 5 weight-iter: 30	 checkpoint_zone: 5 max-in-zone: 1436994966
	 Item-#: 5 weight-iter: 35	 checkpoint_zone: 6 max-in-zone: 190
	 Item-#: 5 weight-iter: 40	 checkpoint_zone: 7 max-in-zone: 844710429
	 Item-#: 6 weight-iter: 5	 checkpoint_zone: 0 max-in-zone: 186
	 Item-#: 6 weight-iter: 10	 checkpoint_zone: 1 max-in-zone: 228
	 Item-#: 6 weight-iter: 15	 checkpoint_zone: 2 max-in-zone: 249
	 Item-#: 6 weight-iter: 20	 checkpoint_zone: 3 max-in-zone: 249
	 Item-#: 6 weight-iter: 25	 checkpoint_zone: 4 max-in-zone: 249
	 Item-#: 6 weight-iter: 30	 checkpoint_zone: 5 max-in-zone: 1436995025
	 Item-#: 6 weight-iter: 35	 checkpoint_zone: 6 max-in-zone: 249
	 Item-#: 6 weight-iter: 40	 checkpoint_zone: 7 max-in-zone: 844710488
	 Item-#: 7 weight-iter: 5	 checkpoint_zone: 0 max-in-zone: 186
	 Item-#: 7 weight-iter: 10	 checkpoint_zone: 1 max-in-zone: 239
	 Item-#: 7 weight-iter: 15	 checkpoint_zone: 2 max-in-zone: 260
	 Item-#: 7 weight-iter: 20	 checkpoint_zone: 3 max-in-zone: 275
	 Item-#: 7 weight-iter: 25	 checkpoint_zone: 4 max-in-zone: 275
	 Item-#: 7 weight-iter: 30	 checkpoint_zone: 5 max-in-zone: 1436995025
	 --- Item-#: 7 weight-iter: 35	 checkpoint_zone: 6	 weight: 3	 eval_mat[items][weight] 275 max_in_zone: 275

	 Item-#: 7 weight-iter: 40	 checkpoint_zone: 7 max-in-zone: 844710488
	 Item-#: 8 weight-iter: 5	 checkpoint_zone: 0 max-in-zone: 212
	 Item-#: 8 weight-iter: 10	 checkpoint_zone: 1 max-in-zone: 265
	 Item-#: 8 weight-iter: 15	 checkpoint_zone: 2 max-in-zone: 286
	 Item-#: 8 weight-iter: 20	 checkpoint_zone: 3 max-in-zone: 301
	 Item-#: 8 weight-iter: 25	 checkpoint_zone: 4 max-in-zone: 301
	 Item-#: 8 weight-iter: 30	 checkpoint_zone: 5 max-in-zone: 1436995051
	 Item-#: 8 weight-iter: 35	 checkpoint_zone: 6 max-in-zone: 301
	 Item-#: 8 weight-iter: 40	 checkpoint_zone: 7 max-in-zone: 844710514
	 Item-#: 9 weight-iter: 5	 checkpoint_zone: 0 max-in-zone: 213
	 Item-#: 9 weight-iter: 10	 checkpoint_zone: 1 max-in-zone: 275
	 Item-#: 9 weight-iter: 15	 checkpoint_zone: 2 max-in-zone: 316
	 Item-#: 9 weight-iter: 20	 checkpoint_zone: 3 max-in-zone: 337
	 Item-#: 9 weight-iter: 25	 checkpoint_zone: 4 max-in-zone: 337
	 Item-#: 9 weight-iter: 30	 checkpoint_zone: 5 max-in-zone: 1436995060
	 Item-#: 9 weight-iter: 35	 checkpoint_zone: 6 max-in-zone: 1436995113
	 Item-#: 9 weight-iter: 40	 checkpoint_zone: 7 max-in-zone: 844710514
	 I: 0 W: 3 V: 86
	 I: 1 W: 2 V: 15
	 I: 2 W: 3 V: 35
	 I: 3 W: 1 V: 92
	 I: 4 W: 4 V: 21
	 I: 5 W: 2 V: 27
	 I: 6 W: 0 V: 59
	 I: 7 W: 3 V: 26
	 I: 8 W: 0 V: 26
	 I: 9 W: 2 V: 36

 
	 0	 0	 0	 0	 0	 0	 0	 0	 0	 0	 0	 0	 0	 0	 0	 0	 0	 0	 0	 0	 0	 0	 0	 0	 0	 0	 0	 0	 0	 0	 0	 0	 0	 0	 0	 0	 0	 0	 0	 0
 
	 0	 0	 15	 15	 15	 15	 15	 15	 15	 15	 15	 15	 15	 15	 15	 15	 15	 15	 15	 15	 15	 15	 15	 15	 15	 15	 15	 15	 15	 15	 15	 15	 15	 15	 15	 15	 15	 15	 15	 844710429
 
	 0	 0	 15	 35	 35	 50	 50	 50	 50	 50	 50	 50	 50	 50	 50	 50	 50	 50	 50	 50	 50	 50	 50	 50	 50	 50	 50	 50	 50	 50	 50	 50	 50	 50	 50	 50	 50	 50	 50	 844710429
 
	 0	 92	 92	 107	 127	 127	 142	 142	 142	 142	 142	 142	 142	 142	 142	 142	 142	 142	 142	 142	 142	 142	 142	 142	 142	 142	 142	 142	 142	 142	 142	 142	 142	 142	 142	 142	 142	 142	 142	 844710429
 
	 0	 92	 92	 107	 127	 127	 142	 142	 148	 148	 163	 163	 163	 163	 163	 163	 163	 163	 163	 163	 163	 163	 163	 163	 163	 163	 163	 1436994939	 163	 163	 163	 163	 163	 163	 163	 163	 163	 163	 163	 844710429
 
	 0	 92	 92	 119	 127	 134	 154	 154	 169	 169	 175	 175	 190	 190	 190	 190	 190	 190	 190	 190	 190	 190	 190	 190	 190	 190	 190	 1436994939	 190	 1436994966	 190	 190	 190	 190	 190	 190	 190	 190	 190	 844710429
 
	 59	 151	 151	 178	 186	 193	 213	 213	 228	 228	 234	 234	 249	 249	 249	 249	 249	 249	 249	 249	 249	 249	 249	 249	 249	 249	 249	 1436994998	 249	 1436995025	 249	 249	 249	 249	 249	 249	 249	 249	 249	 844710488
 
	 59	 151	 151	 178	 186	 193	 213	 213	 228	 239	 239	 254	 254	 260	 260	 214014491	 275	 275	 275	 275	 275	 275	 275	 275	 275	 275	 275	 1436994998	 275	 1436995025	 1436995024	 275	 1436995051	 275	 275	 275	 275	 275	 275	 844710488
 
	 85	 177	 177	 204	 212	 219	 239	 239	 254	 265	 265	 280	 280	 286	 286	 214014517	 301	 301	 301	 301	 301	 301	 301	 301	 301	 301	 301	 1436995024	 301	 1436995051	 1436995050	 301	 1436995077	 301	 301	 301	 301	 301	 301	 844710514
 
	 85	 177	 177	 213	 213	 240	 248	 255	 275	 275	 290	 301	 301	 316	 316	 214014517	 322	 214014553	 337	 337	 337	 337	 337	 337	 337	 337	 337	 1436995024	 337	 1436995060	 1436995050	 1436995087	 1436995086	 337	 1436995113	 337	 337	 337	 337	 844710514
