
	 Format: Codon

	 Gene: ProteinPGene
	 Codon-length 1000000	 2144	 2045	 696	 1643	 631	 1589	 477	 758	 2818	 1636	 1790	 2167	 1647	 2002	 1364	 1208	 3247	 3429	 578	 1759	 1462	 2535	 607	 1577	 4883	 2438	 2901	 3863	 2306	 2541	 1726	 1487	 3290	 4100	 699	 2037	 886	 3165	 920	 1041	 3938	 3678	 2518	 4510	 3546	 4805	 3030	 2246	 3201	 2911	 1666	 2048	 1357	 2137	 1732	 1323	 4983	 2975	 3712	 3360	 1902	 2169	 1904	 1241	 451
	 Codon-length 2000000	 2405	 2291	 831	 1839	 746	 1898	 615	 817	 2686	 1556	 1832	 2255	 1845	 2187	 1408	 1396	 3499	 3591	 656	 1819	 1645	 2826	 700	 1694	 5117	 2596	 2931	 4133	 2424	 2593	 1689	 1655	 3270	 4181	 802	 2144	 1026	 3293	 1061	 1172	 4060	 3973	 2572	 4815	 4072	 5042	 3017	 2499	 3183	 2935	 2085	 2176	 1327	 2025	 2000	 1293	 4761	 2759	 3979	 3591	 1963	 2097	 1884	 1307	 482
	 Codon-length 3000000	 2349	 2168	 760	 1747	 557	 1934	 635	 812	 2375	 1366	 1684	 2049	 1846	 2243	 1401	 1352	 3053	 3307	 620	 1798	 1465	 2827	 627	 1616	 4426	 2332	 2661	 3877	 2191	 2392	 1562	 1512	 2770	 3485	 659	 1834	 785	 2989	 829	 944	 3226	 3154	 1995	 3781	 3226	 4137	 2326	 2012	 2823	 2736	 1954	 2131	 1170	 1804	 1850	 1188	 4108	 2485	 3347	 3461	 1746	 1973	 1643	 1286	 431
	 Codon-length 4000000	 2169	 2179	 620	 1545	 580	 1605	 502	 728	 2360	 1198	 1451	 1774	 1597	 1980	 1263	 1061	 2770	 3189	 555	 1542	 1353	 2310	 524	 1405	 3849	 1872	 2248	 3156	 2061	 2196	 1381	 1286	 2452	 3277	 572	 1522	 723	 2531	 712	 793	 2895	 2722	 1654	 3037	 2774	 3840	 1916	 1690	 2815	 2659	 1658	 1946	 1104	 1777	 1689	 1074	 3985	 2315	 3199	 3286	 1746	 1778	 1579	 1249	 391
	 Codon-length 5000000	 1454	 1325	 469	 1082	 360	 1019	 319	 458	 1477	 780	 964	 1184	 1093	 1300	 777	 773	 1897	 2082	 364	 987	 894	 1399	 317	 941	 2511	 1226	 1538	 2065	 1359	 1479	 862	 866	 1722	 2384	 399	 1106	 510	 1727	 449	 606	 1975	 1995	 1262	 2163	 2016	 2834	 1382	 1203	 1751	 1932	 1201	 1480	 824	 1210	 1089	 857	 2661	 1734	 2280	 2375	 1165	 1444	 1161	 860	 259

	 Gene: PGene
	 Codon-length 1000000	 3899	 1829	 3853	 3122	 2065	 2349	 3585	 2973	 1717	 1569	 2094	 2808	 1949	 1693	 2961	 2412	 1313	 1500	 825	 1623	 2415	 2335	 3693	 2210	 3702	 2031	 5425	 3994	 2275	 1896	 2951	 1717	 2470	 2013	 1205	 1412	 2236	 2119	 3249	 2025	 1549	 1956	 1794	 2781	 2813	 2277	 4805	 2629	 1695	 1455	 2568	 1497	 954	 1364	 3976	 1270	 2446	 2450	 3389	 4075	 2175	 1455	 3480	 1212	 498
	 Codon-length 2000000	 4043	 2134	 2694	 2899	 1791	 3071	 3611	 3008	 1494	 1462	 1661	 2691	 1725	 1540	 2625	 2408	 1211	 1974	 557	 1657	 2501	 2714	 3193	 2080	 3021	 1879	 4273	 3324	 2092	 1665	 2307	 1502	 3313	 2758	 1484	 1769	 1900	 2410	 3275	 2011	 1676	 2475	 1916	 3509	 2978	 2566	 4790	 2736	 2047	 1766	 3114	 1635	 867	 1512	 4720	 1342	 2036	 2538	 2923	 4054	 2013	 1493	 3387	 1162	 499
	 Codon-length 3000000	 3702	 2092	 1525	 2372	 1023	 3061	 2773	 2287	 1167	 1325	 1021	 2101	 1496	 1554	 1852	 2274	 1291	 2389	 412	 1586	 2187	 2894	 2043	 1959	 2049	 1437	 2803	 2306	 1718	 1569	 1616	 1259	 3677	 3548	 1422	 1907	 1340	 2514	 2403	 1677	 1781	 2808	 1617	 3408	 2868	 2774	 3467	 2718	 2411	 2115	 3041	 1567	 909	 1643	 4675	 1363	 2019	 2643	 2172	 3352	 1664	 1520	 2669	 1146	 447
	 Codon-length 4000000	 3080	 2100	 1328	 2112	 1013	 2621	 2069	 2078	 1499	 1114	 1023	 1953	 1472	 1574	 1735	 1898	 1496	 2279	 423	 1470	 1753	 2470	 1410	 1745	 2458	 1482	 2491	 2436	 1736	 1646	 1566	 1273	 3071	 2946	 1092	 1616	 1166	 2203	 1704	 1322	 1860	 2475	 1363	 2933	 2653	 2644	 2979	 2422	 2270	 1898	 2252	 1526	 851	 1494	 3463	 1190	 2214	 2097	 2059	 3121	 1601	 1401	 2297	 1081	 413
	 Codon-length 5000000	 2642	 1274	 1143	 1836	 694	 2298	 2316	 2213	 389	 679	 374	 1398	 797	 726	 1342	 1903	 221	 1197	 153	 1085	 1260	 1584	 1390	 1439	 566	 572	 1685	 982	 875	 756	 1030	 869	 2608	 1982	 1152	 1339	 1016	 1367	 1925	 1287	 608	 1613	 821	 2226	 1689	 1108	 2532	 2153	 1194	 907	 2206	 934	 436	 880	 3963	 1032	 459	 1402	 790	 2069	 910	 682	 2029	 568	 265

	 Gene: RnaPGene
	 Codon-length 1000000	 155	 120	 226	 158	 98	 55	 152	 93	 140	 132	 212	 179	 92	 121	 128	 153	 151	 53	 113	 80	 87	 73	 115	 81	 194	 132	 191	 135	 89	 59	 101	 123	 235	 111	 185	 134	 157	 133	 201	 117	 197	 218	 248	 171	 141	 133	 185	 139	 96	 94	 159	 103	 80	 111	 179	 93	 158	 130	 193	 110	 114	 129	 148	 127	 49
	 Codon-length 2000000	 6	 7	 2	 2	 1	 9	 3	 4	 8	 3	 13	 11	 2	 3	 5	 9	 8	 2	 7	 0	 9	 14	 11	 15	 3	 7	 5	 7	 9	 5	 10	 8	 8	 8	 3	 4	 4	 20	 6	 8	 1	 13	 12	 6	 15	 6	 7	 6	 10	 5	 10	 7	 3	 5	 6	 5	 8	 5	 6	 6	 5	 8	 5	 14	 17
	 Codon-length 3000000	 10	 7	 7	 8	 13	 11	 9	 8	 11	 12	 4	 8	 8	 6	 5	 8	 7	 9	 10	 4	 16	 24	 14	 19	 12	 7	 16	 8	 8	 9	 7	 15	 7	 5	 9	 6	 11	 11	 7	 17	 8	 10	 7	 8	 8	 7	 4	 13	 5	 4	 10	 8	 4	 12	 8	 3	 10	 6	 12	 6	 7	 13	 5	 9	 16
	 Codon-length 4000000	 10	 16	 15	 11	 8	 14	 7	 14	 9	 7	 11	 22	 7	 8	 3	 14	 12	 3	 7	 6	 13	 20	 11	 16	 11	 9	 20	 10	 15	 4	 25	 11	 11	 9	 15	 8	 10	 18	 12	 14	 7	 22	 20	 19	 19	 15	 9	 15	 12	 10	 13	 6	 2	 16	 12	 12	 11	 12	 13	 13	 8	 23	 15	 19	 22
	 Codon-length 5000000	 3	 1	 3	 5	 5	 3	 2	 2	 3	 4	 2	 3	 3	 2	 1	 2	 3	 2	 6	 1	 1	 7	 3	 4	 1	 2	 3	 5	 5	 6	 5	 6	 1	 2	 1	 3	 1	 2	 8	 2	 3	 3	 4	 6	 3	 2	 3	 1	 2	 3	 4	 2	 1	 2	 3	 3	 1	 1	 5	 4	 2	 4	 5	 6	 6

	 Gene: ProteinNGene
	 Codon-length 1000000	 1738	 2672	 1944	 4458	 697	 1229	 1151	 984	 1741	 2414	 1636	 3265	 2146	 4298	 4467	 6068	 1412	 2676	 2598	 3492	 1593	 3234	 2807	 4437	 1423	 2012	 1900	 3279	 1338	 1807	 2594	 2433	 1044	 986	 969	 2384	 810	 1208	 1256	 1760	 1362	 2198	 1133	 2993	 1507	 2370	 4064	 3855	 1584	 2216	 1959	 2762	 366	 488	 416	 337	 1571	 2218	 1872	 4054	 575	 964	 1501	 1219	 405
	 Codon-length 2000000	 2754	 1768	 2194	 2243	 1828	 285	 1528	 72	 1149	 887	 1174	 1266	 857	 342	 1098	 2263	 3728	 541	 3195	 3456	 2128	 4214	 2786	 1456	 1258	 938	 2846	 2063	 1244	 263	 2112	 250	 1438	 441	 1345	 7031	 1600	 1948	 1262	 3919	 898	 1144	 637	 3447	 3041	 556	 3086	 843	 2569	 1491	 2030	 3787	 4221	 5291	 2484	 2372	 2091	 2615	 3075	 5140	 3340	 1008	 4028	 1628	 426
	 Codon-length 3000000	 3512	 2207	 2135	 2391	 2531	 301	 1601	 29	 1262	 1162	 1162	 1271	 792	 154	 884	 2123	 4783	 739	 3350	 3706	 2889	 5090	 2924	 1437	 1328	 1142	 3081	 2092	 1464	 347	 2151	 147	 1674	 528	 1565	 6811	 2042	 2298	 1269	 3934	 1062	 1289	 759	 3059	 2898	 580	 2884	 845	 2735	 1625	 2264	 3789	 4687	 5782	 2539	 2481	 2216	 3174	 3463	 4719	 3615	 1340	 3829	 1696	 481
	 Codon-length 4000000	 3713	 2219	 2793	 2258	 2749	 353	 2197	 29	 1311	 1167	 1469	 1402	 736	 143	 1101	 2637	 4960	 651	 4143	 4079	 2920	 5354	 3770	 1552	 1467	 1240	 4245	 2315	 1396	 311	 2857	 166	 1780	 700	 1889	 9072	 2115	 2783	 1696	 4800	 1195	 1503	 1104	 3650	 3252	 562	 3892	 876	 2896	 1762	 2683	 4135	 5150	 6363	 3251	 2819	 2394	 3233	 4766	 5018	 3955	 1245	 4939	 1627	 491
	 Codon-length 5000000	 2096	 1237	 1837	 1269	 1532	 195	 1378	 16	 800	 671	 942	 850	 473	 87	 779	 1506	 3006	 366	 2898	 2662	 1722	 3443	 2368	 1048	 793	 624	 2652	 1420	 686	 172	 1705	 93	 1064	 433	 1265	 5904	 1248	 1563	 1159	 2901	 681	 867	 563	 2426	 1898	 315	 2448	 438	 1669	 1043	 1618	 2559	 3030	 3934	 2059	 1846	 1408	 1959	 2965	 3279	 2367	 679	 3301	 943	 324

	 Gene: RnaNGene
	 Codon-length 1000000	 7	 2	 5	 5	 3	 5	 4	 2	 0	 2	 4	 4	 5	 2	 8	 8	 3	 4	 5	 4	 3	 4	 5	 5	 1	 3	 3	 3	 1	 3	 2	 5	 2	 2	 3	 9	 4	 2	 5	 8	 2	 6	 0	 1	 1	 10	 4	 5	 3	 1	 3	 3	 1	 5	 2	 5	 7	 4	 6	 4	 4	 6	 3	 7	 7
	 Codon-length 2000000	 2	 3	 1	 4	 0	 4	 3	 0	 0	 4	 3	 3	 5	 6	 3	 9	 4	 3	 3	 4	 8	 8	 1	 5	 1	 2	 7	 6	 4	 7	 8	 8	 7	 2	 6	 7	 2	 4	 3	 4	 6	 2	 2	 4	 6	 2	 9	 5	 5	 6	 3	 7	 3	 7	 6	 6	 1	 8	 5	 6	 9	 8	 8	 6	 11
	 Codon-length 3000000	 3	 5	 3	 5	 5	 9	 3	 9	 4	 4	 5	 5	 4	 11	 8	 12	 2	 5	 8	 5	 7	 8	 14	 8	 10	 9	 12	 2	 6	 4	 8	 12	 5	 3	 5	 5	 1	 7	 2	 5	 1	 8	 8	 6	 10	 11	 4	 12	 6	 6	 4	 10	 6	 12	 4	 11	 3	 3	 4	 14	 10	 5	 4	 16	 14
	 Codon-length 4000000	 20	 26	 27	 29	 13	 39	 22	 31	 20	 41	 24	 39	 21	 55	 39	 43	 14	 21	 29	 40	 30	 30	 54	 55	 27	 28	 38	 28	 36	 27	 41	 62	 29	 7	 27	 44	 21	 44	 31	 40	 33	 35	 38	 44	 27	 42	 23	 50	 29	 45	 31	 47	 37	 54	 32	 55	 46	 26	 35	 51	 54	 47	 44	 74	 21
	 Codon-length 5000000	 26	 23	 35	 20	 12	 26	 12	 20	 18	 28	 21	 37	 26	 35	 30	 29	 10	 16	 26	 34	 30	 26	 28	 52	 17	 14	 36	 20	 21	 26	 32	 41	 27	 14	 22	 33	 17	 35	 26	 25	 23	 44	 39	 39	 24	 36	 21	 46	 39	 35	 24	 33	 16	 35	 26	 30	 27	 29	 34	 45	 45	 28	 34	 40	 13

	 Gene: NGene
	 Codon-length 1000000	 2359	 1850	 2022	 2384	 1882	 1395	 1569	 501	 1745	 1680	 1332	 2016	 1657	 2712	 2681	 3533	 2432	 1204	 2467	 2660	 1870	 3637	 2563	 2222	 1523	 1363	 2113	 2196	 1233	 1322	 2128	 1260	 1397	 773	 1128	 4326	 1583	 1830	 1405	 2616	 1271	 1675	 922	 2865	 2632	 2055	 3367	 2424	 2433	 1556	 1615	 2675	 2809	 3184	 1808	 1408	 2638	 2694	 2285	 4152	 2626	 1605	 3257	 1668	 412
	 Codon-length 2000000	 2237	 1755	 1645	 1946	 2118	 2179	 1560	 679	 1938	 2225	 1457	 2218	 2179	 4272	 3943	 3911	 1743	 1118	 1451	 1669	 1881	 2581	 2110	 2008	 1605	 1744	 1395	 2014	 1403	 2004	 2135	 1829	 1562	 1058	 1120	 2189	 1899	 2279	 1670	 1809	 1607	 1893	 1179	 2319	 2226	 3447	 3506	 3594	 2562	 1224	 1283	 1632	 2523	 2232	 1394	 692	 3416	 3063	 2175	 3391	 2537	 2616	 3233	 2004	 437
	 Codon-length 3000000	 2721	 2327	 2023	 2863	 2262	 2168	 1644	 793	 1842	 2333	 1492	 2256	 2250	 3697	 3734	 4107	 2505	 1663	 2239	 2729	 2338	 3681	 2649	 2685	 1590	 1777	 1825	 2148	 1530	 1813	 2168	 1835	 1620	 1111	 1176	 3053	 2057	 2480	 1825	 2396	 1550	 1968	 1241	 2714	 2173	 2704	 3377	 3150	 2454	 1589	 1667	 2208	 2545	 2597	 1441	 1054	 2740	 2808	 2045	 3495	 2349	 2013	 2903	 1844	 494
	 Codon-length 4000000	 2975	 2238	 2052	 1818	 3121	 3109	 2105	 738	 2603	 2797	 1779	 2336	 2472	 4770	 4170	 3843	 2335	 1321	 1736	 1797	 2491	 3244	 2634	 1818	 2359	 2143	 1906	 2238	 1748	 2591	 2527	 2014	 2105	 1510	 1540	 2925	 2838	 3330	 2612	 2566	 2391	 2533	 1788	 2933	 2986	 4593	 4438	 4209	 3127	 1439	 1467	 1552	 3490	 2998	 1924	 886	 4499	 3834	 2616	 3591	 3274	 3292	 3910	 2068	 511
	 Codon-length 5000000	 1541	 1569	 1292	 1702	 1523	 1644	 1124	 493	 1589	 1804	 1225	 1880	 1579	 3054	 2925	 3046	 1186	 1184	 1304	 1345	 1334	 2148	 1802	 1866	 1389	 1431	 1259	 1810	 999	 1621	 1690	 1488	 1113	 883	 885	 1525	 1477	 1771	 1515	 1411	 1537	 1798	 1156	 2083	 1670	 2549	 2941	 2633	 1619	 1051	 1030	 1117	 1650	 1336	 865	 396	 2454	 2187	 1698	 2522	 1421	 1679	 1931	 1228	 337

