
	 Format: Codon	 ProteinPGene	 PGene	 RnaPGene	 ProteinNGene	 RnaNGene	 NGene
	 CurrCodon: AAA	 21373	 15128	 224	 13016	 55	 11807
	 CurrCodon: AAT	 10983	 10533	 143	 10920	 54	 11393
	 CurrCodon: AAG	 6452	 8307	 213	 10498	 69	 10086
	 CurrCodon: AAC	 13456	 10865	 172	 13869	 71	 14907
	 CurrCodon: ATA	 2657	 5264	 110	 8339	 30	 7935
	 CurrCodon: ATT	 19609	 10812	 96	 3099	 87	 6352
	 CurrCodon: ATG	 17751	 10011	 166	 7410	 49	 7399
	 CurrCodon: ATC	 16189	 9148	 121	 1818	 61	 3054
	 CurrCodon: AGA	 1262	 8184	 179	 6823	 35	 8105
	 CurrCodon: AGT	 5506	 6359	 155	 7742	 58	 10089
	 CurrCodon: AGG	 736	 6694	 256	 6830	 78	 7373
	 CurrCodon: AGC	 10340	 10295	 245	 9999	 63	 12069
	 CurrCodon: ACA	 4403	 7571	 113	 6133	 54	 8349
	 CurrCodon: ACT	 5498	 8071	 119	 8137	 79	 14268
	 CurrCodon: ACG	 9268	 9120	 172	 10936	 71	 15432
	 CurrCodon: ACC	 15016	 9072	 170	 17349	 112	 20091
	 CurrCodon: TAA	 1302	 9197	 204	 15999	 53	 12431
	 CurrCodon: TAT	 10284	 11407	 76	 6622	 48	 8467
	 CurrCodon: TAG	 159	 2649	 140	 15346	 62	 13488
	 CurrCodon: TAC	 7660	 7526	 103	 18009	 78	 16146
	 CurrCodon: TTA	 9037	 8853	 138	 10492	 70	 9621
	 CurrCodon: TTT	 14291	 12033	 127	 20804	 109	 18774
	 CurrCodon: TTG	 8799	 8586	 154	 14417	 75	 13522
	 CurrCodon: TTC	 10473	 8564	 123	 12066	 99	 13437
	 CurrCodon: TGA	 553	 15331	 206	 6635	 53	 7167
	 CurrCodon: TGT	 3275	 8624	 150	 7030	 59	 8246
	 CurrCodon: TGG	 9761	 14954	 216	 13670	 87	 11325
	 CurrCodon: TGC	 4065	 14379	 173	 12304	 85	 12274
	 CurrCodon: TCA	 4595	 9392	 139	 6390	 69	 6484
	 CurrCodon: TCT	 5215	 8911	 71	 4102	 84	 6645
	 CurrCodon: TCG	 5845	 9038	 142	 11593	 124	 11574
	 CurrCodon: TCC	 5442	 6808	 145	 4631	 119	 7384
	 CurrCodon: GAA	 25336	 14204	 246	 6637	 56	 6463
	 CurrCodon: GAT	 20461	 14887	 150	 3356	 44	 4262
	 CurrCodon: GAG	 11219	 5230	 206	 6511	 59	 5953
	 CurrCodon: GAC	 12078	 8113	 173	 26663	 113	 19995
	 CurrCodon: GTA	 6957	 6196	 164	 7196	 55	 7375
	 CurrCodon: GTT	 11386	 12064	 219	 9199	 49	 9261
	 CurrCodon: GTG	 16782	 9374	 227	 6661	 60	 7697
	 CurrCodon: GTC	 9665	 6811	 171	 15775	 98	 12957
	 CurrCodon: GGA	 5041	 10965	 211	 5658	 78	 6897
	 CurrCodon: GGT	 15580	 13170	 273	 8168	 74	 9579
	 CurrCodon: GGG	 7015	 8699	 288	 4846	 96	 5859
	 CurrCodon: GGC	 18882	 15924	 206	 15920	 106	 15433
	 CurrCodon: GCA	 12970	 14023	 178	 11736	 61	 10337
	 CurrCodon: GCT	 9776	 15368	 160	 5660	 81	 9425
	 CurrCodon: GCG	 21551	 16486	 205	 16813	 74	 17147
	 CurrCodon: GCC	 16605	 11299	 166	 8909	 110	 12563
	 CurrCodon: CAA	 9749	 11077	 116	 10840	 86	 10513
	 CurrCodon: CAT	 8179	 9885	 127	 8588	 81	 8509
	 CurrCodon: CAG	 18494	 11573	 196	 10253	 83	 9056
	 CurrCodon: CAC	 6103	 8577	 132	 15906	 111	 13544
	 CurrCodon: CTA	 2552	 4779	 98	 14598	 81	 10999
	 CurrCodon: CTT	 7129	 7610	 124	 18445	 120	 13899
	 CurrCodon: CTG	 34023	 15840	 259	 8998	 84	 7117
	 CurrCodon: CTC	 7328	 5911	 125	 8274	 107	 5779
	 CurrCodon: CGA	 2190	 13562	 176	 9564	 83	 10811
	 CurrCodon: CGT	 13407	 11637	 148	 13184	 96	 13464
	 CurrCodon: CGG	 3494	 13224	 215	 14888	 76	 12903
	 CurrCodon: CGC	 14184	 15787	 124	 22233	 96	 20927
	 CurrCodon: CCA	 5307	 8574	 137	 11930	 136	 10102
	 CurrCodon: CCT	 4457	 7886	 162	 5277	 108	 6952
	 CurrCodon: CCG	 14898	 12085	 224	 15299	 82	 14153
	 CurrCodon: CCC	 3527	 5676	 162	 6988	 133	 7418

	 Cumulative: 	 637580	 648182	 10729	 678001	 5077	 683043

