39:	 Exception! i: 446 j: 441 a[iprime]: s b[jprime]: n lengths[i-1][j]: 226 lengths[i][j-1]:226 lengths[i][j]:227  and ij_considered: 3 
200:	 Exception! i: 449 j: 431 a[iprime]: s b[jprime]: a lengths[i-1][j]: 226 lengths[i][j-1]:226 lengths[i][j]:227  and ij_considered: 3 
369:	 Exception! i: 432 j: 442 a[iprime]: A b[jprime]: e lengths[i-1][j]: 223 lengths[i][j-1]:223 lengths[i][j]:224  and ij_considered: 3 
562:	 Exception! i: 376 j: 358 a[iprime]: n b[jprime]: e lengths[i-1][j]: 192 lengths[i][j-1]:192 lengths[i][j]:193  and ij_considered: 3 
746:	 Exception! i: 362 j: 340 a[iprime]: g b[jprime]: n lengths[i-1][j]: 184 lengths[i][j-1]:184 lengths[i][j]:185  and ij_considered: 3 
856:	 Exception! i: 360 j: 327 a[iprime]: h b[jprime]: b lengths[i-1][j]: 182 lengths[i][j-1]:182 lengths[i][j]:183  and ij_considered: 3 
912:	 Exception! i: 357 j: 316 a[iprime]: e b[jprime]:   lengths[i-1][j]: 180 lengths[i][j-1]:180 lengths[i][j]:181  and ij_considered: 3 
1058:	 Exception! i: 343 j: 297 a[iprime]: o b[jprime]: a lengths[i-1][j]: 172 lengths[i][j-1]:172 lengths[i][j]:173  and ij_considered: 3 
1260:	 Exception! i: 306 j: 270 a[iprime]:   b[jprime]: d lengths[i-1][j]: 157 lengths[i][j-1]:157 lengths[i][j]:158  and ij_considered: 3 
1388:	 Exception! i: 293 j: 252 a[iprime]: T b[jprime]: A lengths[i-1][j]: 146 lengths[i][j-1]:146 lengths[i][j]:147  and ij_considered: 3 
1796:	 Exception! i: 286 j: 253 a[iprime]: o b[jprime]: ' lengths[i-1][j]: 145 lengths[i][j-1]:145 lengths[i][j]:146  and ij_considered: 3 
2126:	 Exception! i: 291 j: 254 a[iprime]: . b[jprime]: s lengths[i-1][j]: 145 lengths[i][j-1]:145 lengths[i][j]:146  and ij_considered: 3 
2367:	 Exception! i: 280 j: 244 a[iprime]: N b[jprime]: d lengths[i-1][j]: 143 lengths[i][j-1]:143 lengths[i][j]:144  and ij_considered: 3 
2778:	 Exception! i: 271 j: 239 a[iprime]: s b[jprime]: S lengths[i-1][j]: 140 lengths[i][j-1]:140 lengths[i][j]:141  and ij_considered: 3 
3050:	 Exception! i: 264 j: 233 a[iprime]: v b[jprime]: c lengths[i-1][j]: 137 lengths[i][j-1]:137 lengths[i][j]:138  and ij_considered: 3 
3281:	 Exception! i: 261 j: 222 a[iprime]: H b[jprime]: e lengths[i-1][j]: 134 lengths[i][j-1]:134 lengths[i][j]:135  and ij_considered: 3 
3653:	 Exception! i: 118 j: 89 a[iprime]: L b[jprime]: l lengths[i-1][j]: 49 lengths[i][j-1]:49 lengths[i][j]:50  and ij_considered: 3 
4153:	 Exception! i: 121 j: 89 a[iprime]: T b[jprime]: l lengths[i-1][j]: 49 lengths[i][j-1]:49 lengths[i][j]:50  and ij_considered: 3 
4347:	 Exception! i: 80 j: 76 a[iprime]: i b[jprime]: a lengths[i-1][j]: 40 lengths[i][j-1]:40 lengths[i][j]:41  and ij_considered: 3 
4504:	 Exception! i: 51 j: 48 a[iprime]: y b[jprime]: p lengths[i-1][j]: 24 lengths[i][j-1]:24 lengths[i][j]:25  and ij_considered: 3 
4827:	 Exception! i: 44 j: 50 a[iprime]: S b[jprime]: e lengths[i-1][j]: 22 lengths[i][j-1]:22 lengths[i][j]:23  and ij_considered: 3 
5142:	 Exception! i: 19 j: 23 a[iprime]: l b[jprime]: f lengths[i-1][j]: 12 lengths[i][j-1]:12 lengths[i][j]:13  and ij_considered: 3 

600:	 |++| I: 377 J: 357 lengths[i][j]: 192 and x: e y: e
948:	 |++| I: 359 J: 315 lengths[i][j]: 180 and x:   y:  
1173:	 |++| I: 389 J: 296 lengths[i][j]: 183 and x: a y: a
1303:	 |++| I: 345 J: 269 lengths[i][j]: 163 and x: d y: d
1713:	 |++| I: 430 J: 251 lengths[i][j]: 166 and x: A y: A
2586:	 |++| I: 290 J: 243 lengths[i][j]: 143 and x: d y: d
3215:	 |++| I: 323 J: 232 lengths[i][j]: 152 and x: c y: c
3396:	 |++| I: 262 J: 221 lengths[i][j]: 134 and x: e y: e
4034:	 |++| I: 135 J: 88 lengths[i][j]: 51 and x: l y: l
4238:	 |++| I: 135 J: 88 lengths[i][j]: 51 and x: l y: l
4385:	 |++| I: 85 J: 75 lengths[i][j]: 40 and x: a y: a
4765:	 |++| I: 203 J: 47 lengths[i][j]: 36 and x: p y: p
5035:	 |++| I: 60 J: 49 lengths[i][j]: 27 and x: e y: e
5287:	 |++| I: 95 J: 22 lengths[i][j]: 19 and x: f y: f

599:	 *++* I: 376 J: 392 lengths[i][j]: 194 and x: n y: n
766:	 *++* I: 362 J: 357 lengths[i][j]: 184 and x: g y: g
862:	 *++* I: 360 J: 330 lengths[i][j]: 182 and x: h y: h
946:	 *++* I: 357 J: 347 lengths[i][j]: 182 and x: e y: e
1127:	 *++* I: 343 J: 363 lengths[i][j]: 179 and x: o y: o
1264:	 *++* I: 306 J: 271 lengths[i][j]: 157 and x:   y:  
1576:	 *++* I: 293 J: 437 lengths[i][j]: 175 and x: T y: T
1834:	 *++* I: 286 J: 288 lengths[i][j]: 150 and x: o y: o
2283:	 *++* I: 291 J: 408 lengths[i][j]: 173 and x: . y: .
2816:	 *++* I: 271 J: 274 lengths[i][j]: 143 and x: s y: s
3156:	 *++* I: 264 J: 336 lengths[i][j]: 150 and x: v y: v
3395:	 *++* I: 261 J: 333 lengths[i][j]: 147 and x: H y: H
4224:	 *++* I: 121 J: 157 lengths[i][j]: 66 and x: T y: T
4380:	 *++* I: 80 J: 106 lengths[i][j]: 42 and x: i y: i
4613:	 *++* I: 51 J: 154 lengths[i][j]: 38 and x: y y: y
5019:	 *++* I: 44 J: 239 lengths[i][j]: 39 and x: S y: S
5211:	 *++* I: 19 J: 89 lengths[i][j]: 16 and x: l y: l








