
	 Reading files done. Size of file1: 939 and size of file2: 819 

	 String-length: 450 Characters: 
	 String1: Japan says a satellite launched into orbit Saturday could deliver Internet service many times faster than cable or DSL. The WINDS satellite was launched aboard a rocket in a joint venture between the Japan Aerospace Exploration Agency, or JAXA, and Mitsubishi Heavy Industries, CNN reported. The satellite will test new technology that aims to deliver "super high-speed Internet" service around the world, said a statement from JAXA. Initially, subsc 
	 String2: Japan wants to be the first to tap super high speed access to the Internet and has just launched a satellite that would provide a boost to this technology. The Japan Aerospace Exploration Agency (JAXA) spearheaded the satellite launch on Saturday. JAXA's satellite-fired fast Internet project is a successful tie-up with Mitsubishi Heavy Industries and targets to provide the service to businesses and homes. A JAXA news release said: "The new techno

	 Finished filling the matrix, error-inject-count: 0 ops-count: 215894 

	 C2 i: 450 j: 450 a[i]: c b[j-1]: n b[j]: o and ij_considered: 1 lengths[i][j]:224 lengths[i-1][j]: 223 lengths[i][j-1]: 224
	 C2 i: 450 j: 449 a[i]: c b[j-1]: h b[j]: n and ij_considered: 1 lengths[i][j]:224 lengths[i-1][j]: 223 lengths[i][j-1]: 224
	 C2 i: 450 j: 448 a[i]: c b[j-1]: c b[j]: h and ij_considered: 1 lengths[i][j]:224 lengths[i-1][j]: 223 lengths[i][j-1]: 224
	 C1 i: 449 j: 446 a[i]: s a[i-1]: b b[j]: e and ij_considered: 1 lengths[i][j]:223 lengths[i-1][j]:223 lengths[i][j-1]: 223 
	 C1 i: 448 j: 446 a[i]: b a[i-1]: u b[j]: e and ij_considered: 1 lengths[i][j]:223 lengths[i-1][j]:223 lengths[i][j-1]: 223 
	 C1 i: 447 j: 446 a[i]: u a[i-1]: s b[j]: e and ij_considered: 1 lengths[i][j]:223 lengths[i-1][j]:223 lengths[i][j-1]: 223 
	 C2 i: 446 j: 446 a[i]: s b[j-1]: t b[j]: e and ij_considered: 1 lengths[i][j]:223 lengths[i-1][j]: 222 lengths[i][j-1]: 223
	 C2 i: 446 j: 445 a[i]: s b[j-1]:   b[j]: t and ij_considered: 1 lengths[i][j]:223 lengths[i-1][j]: 222 lengths[i][j-1]: 223
	 C2 i: 446 j: 444 a[i]: s b[j-1]: w b[j]:   and ij_considered: 1 lengths[i][j]:223 lengths[i-1][j]: 222 lengths[i][j-1]: 223
	 C2 i: 446 j: 443 a[i]: s b[j-1]: e b[j]: w and ij_considered: 1 lengths[i][j]:223 lengths[i-1][j]: 222 lengths[i][j-1]: 223
	 C2 i: 446 j: 442 a[i]: s b[j-1]: n b[j]: e and ij_considered: 1 lengths[i][j]:223 lengths[i-1][j]: 222 lengths[i][j-1]: 223
	 C2 i: 446 j: 441 a[i]: s b[j-1]:   b[j]: n and ij_considered: 1 lengths[i][j]:223 lengths[i-1][j]: 222 lengths[i][j-1]: 223
	 C2 i: 446 j: 440 a[i]: s b[j-1]: e b[j]:   and ij_considered: 1 lengths[i][j]:223 lengths[i-1][j]: 222 lengths[i][j-1]: 223
	 C2 i: 446 j: 439 a[i]: s b[j-1]: h b[j]: e and ij_considered: 1 lengths[i][j]:223 lengths[i-1][j]: 222 lengths[i][j-1]: 223
	 C2 i: 446 j: 438 a[i]: s b[j-1]: T b[j]: h and ij_considered: 1 lengths[i][j]:223 lengths[i-1][j]: 222 lengths[i][j-1]: 223
	 C2 i: 446 j: 437 a[i]: s b[j-1]: " b[j]: T and ij_considered: 1 lengths[i][j]:223 lengths[i-1][j]: 222 lengths[i][j-1]: 223
	 C2 i: 446 j: 436 a[i]: s b[j-1]:   b[j]: " and ij_considered: 1 lengths[i][j]:223 lengths[i-1][j]: 222 lengths[i][j-1]: 223
	 C2 i: 446 j: 435 a[i]: s b[j-1]: : b[j]:   and ij_considered: 1 lengths[i][j]:223 lengths[i-1][j]: 222 lengths[i][j-1]: 223
	 C2 i: 446 j: 434 a[i]: s b[j-1]: d b[j]: : and ij_considered: 1 lengths[i][j]:223 lengths[i-1][j]: 222 lengths[i][j-1]: 223
	 C2 i: 446 j: 433 a[i]: s b[j-1]: i b[j]: d and ij_considered: 1 lengths[i][j]:223 lengths[i-1][j]: 222 lengths[i][j-1]: 223
	 C2 i: 446 j: 432 a[i]: s b[j-1]: a b[j]: i and ij_considered: 1 lengths[i][j]:223 lengths[i-1][j]: 222 lengths[i][j-1]: 223
	 C2 i: 446 j: 431 a[i]: s b[j-1]: s b[j]: a and ij_considered: 1 lengths[i][j]:223 lengths[i-1][j]: 222 lengths[i][j-1]: 223
	 C1 i: 444 j: 428 a[i]: , a[i-1]: y b[j]: e and ij_considered: 1 lengths[i][j]:221 lengths[i-1][j]:221 lengths[i][j-1]: 221 
	 C1 i: 443 j: 428 a[i]: y a[i-1]: l b[j]: e and ij_considered: 1 lengths[i][j]:221 lengths[i-1][j]:221 lengths[i][j-1]: 221 
	 C1 i: 442 j: 428 a[i]: l a[i-1]: l b[j]: e and ij_considered: 1 lengths[i][j]:221 lengths[i-1][j]:221 lengths[i][j-1]: 221 
	 C1 i: 441 j: 428 a[i]: l a[i-1]: a b[j]: e and ij_considered: 1 lengths[i][j]:221 lengths[i-1][j]:221 lengths[i][j-1]: 221 
	 C2 i: 440 j: 428 a[i]: a b[j-1]: s b[j]: e and ij_considered: 1 lengths[i][j]:221 lengths[i-1][j]: 220 lengths[i][j-1]: 221
	 C2 i: 440 j: 427 a[i]: a b[j-1]: a b[j]: s and ij_considered: 1 lengths[i][j]:221 lengths[i-1][j]: 220 lengths[i][j-1]: 221
	 C1 i: 439 j: 425 a[i]: i a[i-1]: t b[j]: e and ij_considered: 1 lengths[i][j]:220 lengths[i-1][j]:220 lengths[i][j-1]: 220 
	 C1 i: 438 j: 425 a[i]: t a[i-1]: i b[j]: e and ij_considered: 1 lengths[i][j]:220 lengths[i-1][j]:220 lengths[i][j-1]: 220 
	 C1 i: 437 j: 425 a[i]: i a[i-1]: n b[j]: e and ij_considered: 1 lengths[i][j]:220 lengths[i-1][j]:220 lengths[i][j-1]: 220 
	 C2 i: 436 j: 425 a[i]: n b[j-1]: l b[j]: e and ij_considered: 1 lengths[i][j]:220 lengths[i-1][j]: 219 lengths[i][j-1]: 220
	 C2 i: 436 j: 424 a[i]: n b[j-1]: e b[j]: l and ij_considered: 1 lengths[i][j]:220 lengths[i-1][j]: 219 lengths[i][j-1]: 220
	 C2 i: 436 j: 423 a[i]: n b[j-1]: r b[j]: e and ij_considered: 1 lengths[i][j]:220 lengths[i-1][j]: 219 lengths[i][j-1]: 220
	 C2 i: 436 j: 422 a[i]: n b[j-1]:   b[j]: r and ij_considered: 1 lengths[i][j]:220 lengths[i-1][j]: 219 lengths[i][j-1]: 220
	 C2 i: 436 j: 421 a[i]: n b[j-1]: s b[j]:   and ij_considered: 1 lengths[i][j]:220 lengths[i-1][j]: 219 lengths[i][j-1]: 220
	 C2 i: 436 j: 420 a[i]: n b[j-1]: w b[j]: s and ij_considered: 1 lengths[i][j]:220 lengths[i-1][j]: 219 lengths[i][j-1]: 220
	 C2 i: 436 j: 419 a[i]: n b[j-1]: e b[j]: w and ij_considered: 1 lengths[i][j]:220 lengths[i-1][j]: 219 lengths[i][j-1]: 220
	 C2 i: 436 j: 418 a[i]: n b[j-1]: n b[j]: e and ij_considered: 1 lengths[i][j]:220 lengths[i-1][j]: 219 lengths[i][j-1]: 220
	 C1 i: 435 j: 416 a[i]: I a[i-1]:   b[j]:   and ij_considered: 1 lengths[i][j]:219 lengths[i-1][j]:219 lengths[i][j-1]: 218 
	 C1 i: 433 j: 415 a[i]: . a[i-1]: A b[j]: A and ij_considered: 1 lengths[i][j]:218 lengths[i-1][j]:218 lengths[i][j-1]: 217 
	 C2 i: 427 j: 410 a[i]: m b[j-1]:   b[j]: A and ij_considered: 1 lengths[i][j]:213 lengths[i-1][j]: 212 lengths[i][j-1]: 213
	 C2 i: 427 j: 409 a[i]: m b[j-1]: . b[j]:   and ij_considered: 1 lengths[i][j]:213 lengths[i-1][j]: 212 lengths[i][j-1]: 213
	 C2 i: 427 j: 408 a[i]: m b[j-1]: s b[j]: . and ij_considered: 1 lengths[i][j]:213 lengths[i-1][j]: 212 lengths[i][j-1]: 213
	 C2 i: 427 j: 407 a[i]: m b[j-1]: e b[j]: s and ij_considered: 1 lengths[i][j]:213 lengths[i-1][j]: 212 lengths[i][j-1]: 213
	 C2 i: 427 j: 406 a[i]: m b[j-1]: m b[j]: e and ij_considered: 1 lengths[i][j]:213 lengths[i-1][j]: 212 lengths[i][j-1]: 213
	 C1 i: 425 j: 403 a[i]: r a[i-1]: f b[j]: h and ij_considered: 1 lengths[i][j]:211 lengths[i-1][j]:211 lengths[i][j-1]: 211 
	 C1 i: 424 j: 403 a[i]: f a[i-1]:   b[j]: h and ij_considered: 1 lengths[i][j]:211 lengths[i-1][j]:211 lengths[i][j-1]: 211 
	 C2 i: 423 j: 403 a[i]:   b[j-1]:   b[j]: h and ij_considered: 1 lengths[i][j]:211 lengths[i-1][j]: 210 lengths[i][j-1]: 211
	 C1 i: 422 j: 401 a[i]: t a[i-1]: n b[j]: d and ij_considered: 1 lengths[i][j]:210 lengths[i-1][j]:210 lengths[i][j-1]: 210 
	 C2 i: 421 j: 401 a[i]: n b[j-1]: n b[j]: d and ij_considered: 1 lengths[i][j]:210 lengths[i-1][j]: 209 lengths[i][j-1]: 210
	 C2 i: 420 j: 399 a[i]: e b[j-1]:   b[j]: a and ij_considered: 1 lengths[i][j]:209 lengths[i-1][j]: 208 lengths[i][j-1]: 209
	 C2 i: 420 j: 398 a[i]: e b[j-1]: s b[j]:   and ij_considered: 1 lengths[i][j]:209 lengths[i-1][j]: 208 lengths[i][j-1]: 209
	 C2 i: 420 j: 397 a[i]: e b[j-1]: e b[j]: s and ij_considered: 1 lengths[i][j]:209 lengths[i-1][j]: 208 lengths[i][j-1]: 209
	 C1 i: 419 j: 395 a[i]: m a[i-1]: e b[j]: s and ij_considered: 1 lengths[i][j]:208 lengths[i-1][j]:208 lengths[i][j-1]: 208 
	 C2 i: 418 j: 395 a[i]: e b[j-1]: s b[j]: s and ij_considered: 1 lengths[i][j]:208 lengths[i-1][j]: 207 lengths[i][j-1]: 208
	 C2 i: 418 j: 394 a[i]: e b[j-1]: e b[j]: s and ij_considered: 1 lengths[i][j]:208 lengths[i-1][j]: 207 lengths[i][j-1]: 208
	 C1 i: 417 j: 392 a[i]: t a[i-1]: a b[j]: n and ij_considered: 1 lengths[i][j]:207 lengths[i-1][j]:207 lengths[i][j-1]: 207 
	 C1 i: 416 j: 392 a[i]: a a[i-1]: t b[j]: n and ij_considered: 1 lengths[i][j]:207 lengths[i-1][j]:207 lengths[i][j-1]: 207 
	 C1 i: 415 j: 392 a[i]: t a[i-1]: s b[j]: n and ij_considered: 1 lengths[i][j]:207 lengths[i-1][j]:207 lengths[i][j-1]: 207 
	 C2 i: 414 j: 392 a[i]: s b[j-1]: i b[j]: n and ij_considered: 1 lengths[i][j]:207 lengths[i-1][j]: 206 lengths[i][j-1]: 207
	 C2 i: 414 j: 391 a[i]: s b[j-1]: s b[j]: i and ij_considered: 1 lengths[i][j]:207 lengths[i-1][j]: 206 lengths[i][j-1]: 207
	 C2 i: 413 j: 389 a[i]:   b[j-1]: b b[j]: u and ij_considered: 1 lengths[i][j]:206 lengths[i-1][j]: 205 lengths[i][j-1]: 206
	 C2 i: 413 j: 388 a[i]:   b[j-1]:   b[j]: b and ij_considered: 1 lengths[i][j]:206 lengths[i-1][j]: 205 lengths[i][j-1]: 206
	 C1 i: 412 j: 386 a[i]: a a[i-1]:   b[j]: o and ij_considered: 1 lengths[i][j]:205 lengths[i-1][j]:205 lengths[i][j-1]: 205 
	 C2 i: 411 j: 386 a[i]:   b[j-1]: t b[j]: o and ij_considered: 1 lengths[i][j]:205 lengths[i-1][j]: 204 lengths[i][j-1]: 205
	 C2 i: 411 j: 385 a[i]:   b[j-1]:   b[j]: t and ij_considered: 1 lengths[i][j]:205 lengths[i-1][j]: 204 lengths[i][j-1]: 205
	 C1 i: 410 j: 383 a[i]: d a[i-1]: i b[j]: e and ij_considered: 1 lengths[i][j]:204 lengths[i-1][j]:204 lengths[i][j-1]: 204 
	 C2 i: 409 j: 383 a[i]: i b[j-1]: c b[j]: e and ij_considered: 1 lengths[i][j]:204 lengths[i-1][j]: 203 lengths[i][j-1]: 204
	 C2 i: 409 j: 382 a[i]: i b[j-1]: i b[j]: c and ij_considered: 1 lengths[i][j]:204 lengths[i-1][j]: 203 lengths[i][j-1]: 204
	 C1 i: 408 j: 380 a[i]: a a[i-1]: s b[j]: v and ij_considered: 1 lengths[i][j]:203 lengths[i-1][j]:203 lengths[i][j-1]: 203 
	 C2 i: 407 j: 380 a[i]: s b[j-1]: r b[j]: v and ij_considered: 1 lengths[i][j]:203 lengths[i-1][j]: 202 lengths[i][j-1]: 203
	 C2 i: 407 j: 379 a[i]: s b[j-1]: e b[j]: r and ij_considered: 1 lengths[i][j]:203 lengths[i-1][j]: 202 lengths[i][j-1]: 203
	 C2 i: 407 j: 378 a[i]: s b[j-1]: s b[j]: e and ij_considered: 1 lengths[i][j]:203 lengths[i-1][j]: 202 lengths[i][j-1]: 203
	 C1 i: 405 j: 375 a[i]: , a[i-1]: d b[j]: e and ij_considered: 1 lengths[i][j]:201 lengths[i-1][j]:201 lengths[i][j-1]: 201 
	 C2 i: 404 j: 375 a[i]: d b[j-1]: h b[j]: e and ij_considered: 1 lengths[i][j]:201 lengths[i-1][j]: 200 lengths[i][j-1]: 201
	 C2 i: 404 j: 374 a[i]: d b[j-1]: t b[j]: h and ij_considered: 1 lengths[i][j]:201 lengths[i-1][j]: 200 lengths[i][j-1]: 201
	 C2 i: 404 j: 373 a[i]: d b[j-1]:   b[j]: t and ij_considered: 1 lengths[i][j]:201 lengths[i-1][j]: 200 lengths[i][j-1]: 201
	 C2 i: 404 j: 372 a[i]: d b[j-1]: e b[j]:   and ij_considered: 1 lengths[i][j]:201 lengths[i-1][j]: 200 lengths[i][j-1]: 201
	 C2 i: 404 j: 371 a[i]: d b[j-1]: d b[j]: e and ij_considered: 1 lengths[i][j]:201 lengths[i-1][j]: 200 lengths[i][j-1]: 201
	 C1 i: 403 j: 369 a[i]: l a[i-1]: r b[j]: i and ij_considered: 1 lengths[i][j]:200 lengths[i-1][j]:200 lengths[i][j-1]: 200 
	 C2 i: 402 j: 369 a[i]: r b[j-1]: v b[j]: i and ij_considered: 1 lengths[i][j]:200 lengths[i-1][j]: 199 lengths[i][j-1]: 200
	 C2 i: 402 j: 368 a[i]: r b[j-1]: o b[j]: v and ij_considered: 1 lengths[i][j]:200 lengths[i-1][j]: 199 lengths[i][j-1]: 200
	 C2 i: 402 j: 367 a[i]: r b[j-1]: r b[j]: o and ij_considered: 1 lengths[i][j]:200 lengths[i-1][j]: 199 lengths[i][j-1]: 200
	 C2 i: 401 j: 365 a[i]: o b[j-1]:   b[j]: p and ij_considered: 1 lengths[i][j]:199 lengths[i-1][j]: 198 lengths[i][j-1]: 199
	 C2 i: 401 j: 364 a[i]: o b[j-1]: o b[j]:   and ij_considered: 1 lengths[i][j]:199 lengths[i-1][j]: 198 lengths[i][j-1]: 199
	 C1 i: 400 j: 362 a[i]: w a[i-1]:   b[j]: t and ij_considered: 1 lengths[i][j]:198 lengths[i-1][j]:198 lengths[i][j-1]: 198 
	 C2 i: 399 j: 362 a[i]:   b[j-1]:   b[j]: t and ij_considered: 1 lengths[i][j]:198 lengths[i-1][j]: 197 lengths[i][j-1]: 198
	 C2 i: 398 j: 360 a[i]: e b[j-1]: t b[j]: s and ij_considered: 1 lengths[i][j]:197 lengths[i-1][j]: 196 lengths[i][j-1]: 197
	 C2 i: 398 j: 359 a[i]: e b[j-1]: e b[j]: t and ij_considered: 1 lengths[i][j]:197 lengths[i-1][j]: 196 lengths[i][j-1]: 197
	 C1 i: 397 j: 357 a[i]: h a[i-1]: t b[j]: g and ij_considered: 1 lengths[i][j]:196 lengths[i-1][j]:196 lengths[i][j-1]: 196 
	 C2 i: 396 j: 357 a[i]: t b[j-1]: r b[j]: g and ij_considered: 1 lengths[i][j]:196 lengths[i-1][j]: 195 lengths[i][j-1]: 196
	 C2 i: 396 j: 356 a[i]: t b[j-1]: a b[j]: r and ij_considered: 1 lengths[i][j]:196 lengths[i-1][j]: 195 lengths[i][j-1]: 196
	 C2 i: 396 j: 355 a[i]: t b[j-1]: t b[j]: a and ij_considered: 1 lengths[i][j]:196 lengths[i-1][j]: 195 lengths[i][j-1]: 196
	 C1 i: 392 j: 350 a[i]: u a[i-1]: o b[j]: a and ij_considered: 1 lengths[i][j]:192 lengths[i-1][j]:192 lengths[i][j-1]: 191 
	 C1 i: 391 j: 350 a[i]: o a[i-1]: r b[j]: a and ij_considered: 1 lengths[i][j]:192 lengths[i-1][j]:192 lengths[i][j-1]: 191 
	 C1 i: 390 j: 350 a[i]: r a[i-1]: a b[j]: a and ij_considered: 1 lengths[i][j]:192 lengths[i-1][j]:192 lengths[i][j-1]: 191 
	 C1 i: 387 j: 348 a[i]: e a[i-1]: c b[j]: s and ij_considered: 1 lengths[i][j]:190 lengths[i-1][j]:190 lengths[i][j-1]: 190 
	 C1 i: 386 j: 348 a[i]: c a[i-1]: i b[j]: s and ij_considered: 1 lengths[i][j]:190 lengths[i-1][j]:190 lengths[i][j-1]: 189 
	 C1 i: 385 j: 348 a[i]: i a[i-1]: v b[j]: s and ij_considered: 1 lengths[i][j]:190 lengths[i-1][j]:190 lengths[i][j-1]: 189 
	 C1 i: 384 j: 348 a[i]: v a[i-1]: r b[j]: s and ij_considered: 1 lengths[i][j]:190 lengths[i-1][j]:190 lengths[i][j-1]: 189 
	 C1 i: 383 j: 348 a[i]: r a[i-1]: e b[j]: s and ij_considered: 1 lengths[i][j]:190 lengths[i-1][j]:190 lengths[i][j-1]: 189 
	 C1 i: 382 j: 348 a[i]: e a[i-1]: s b[j]: s and ij_considered: 1 lengths[i][j]:190 lengths[i-1][j]:190 lengths[i][j-1]: 189 
	 C1 i: 380 j: 347 a[i]:   a[i-1]: " b[j]: e and ij_considered: 1 lengths[i][j]:189 lengths[i-1][j]:189 lengths[i][j-1]: 188 
	 C1 i: 379 j: 347 a[i]: " a[i-1]: t b[j]: e and ij_considered: 1 lengths[i][j]:189 lengths[i-1][j]:189 lengths[i][j-1]: 188 
	 C1 i: 378 j: 347 a[i]: t a[i-1]: e b[j]: e and ij_considered: 1 lengths[i][j]:189 lengths[i-1][j]:189 lengths[i][j-1]: 188 
	 C1 i: 376 j: 346 a[i]: n a[i-1]: r b[j]: i and ij_considered: 1 lengths[i][j]:188 lengths[i-1][j]:188 lengths[i][j-1]: 188 
	 C2 i: 375 j: 346 a[i]: r b[j-1]: r b[j]: i and ij_considered: 1 lengths[i][j]:188 lengths[i-1][j]: 187 lengths[i][j-1]: 188
	 C1 i: 374 j: 344 a[i]: e a[i-1]: t b[j]: t and ij_considered: 1 lengths[i][j]:187 lengths[i-1][j]:187 lengths[i][j-1]: 186 
	 C2 i: 372 j: 343 a[i]: n b[j-1]: u b[j]: s and ij_considered: 1 lengths[i][j]:186 lengths[i-1][j]: 185 lengths[i][j-1]: 186
	 C2 i: 372 j: 342 a[i]: n b[j-1]: d b[j]: u and ij_considered: 1 lengths[i][j]:186 lengths[i-1][j]: 185 lengths[i][j-1]: 186
	 C2 i: 372 j: 341 a[i]: n b[j-1]: n b[j]: d and ij_considered: 1 lengths[i][j]:186 lengths[i-1][j]: 185 lengths[i][j-1]: 186
	 C1 i: 369 j: 337 a[i]: d a[i-1]: e b[j]: y and ij_considered: 1 lengths[i][j]:183 lengths[i-1][j]:183 lengths[i][j-1]: 183 
	 C1 i: 368 j: 337 a[i]: e a[i-1]: e b[j]: y and ij_considered: 1 lengths[i][j]:183 lengths[i-1][j]:183 lengths[i][j-1]: 183 
	 C2 i: 367 j: 337 a[i]: e b[j-1]: v b[j]: y and ij_considered: 1 lengths[i][j]:183 lengths[i-1][j]: 182 lengths[i][j-1]: 183
	 C2 i: 367 j: 336 a[i]: e b[j-1]: a b[j]: v and ij_considered: 1 lengths[i][j]:183 lengths[i-1][j]: 182 lengths[i][j-1]: 183
	 C2 i: 367 j: 335 a[i]: e b[j-1]: e b[j]: a and ij_considered: 1 lengths[i][j]:183 lengths[i-1][j]: 182 lengths[i][j-1]: 183
	 C1 i: 366 j: 333 a[i]: p a[i-1]: s b[j]: H and ij_considered: 1 lengths[i][j]:182 lengths[i-1][j]:182 lengths[i][j-1]: 182 
	 C1 i: 365 j: 333 a[i]: s a[i-1]: - b[j]: H and ij_considered: 1 lengths[i][j]:182 lengths[i-1][j]:182 lengths[i][j-1]: 182 
	 C1 i: 364 j: 333 a[i]: - a[i-1]: h b[j]: H and ij_considered: 1 lengths[i][j]:182 lengths[i-1][j]:182 lengths[i][j-1]: 182 
	 C2 i: 363 j: 333 a[i]: h b[j-1]:   b[j]: H and ij_considered: 1 lengths[i][j]:182 lengths[i-1][j]: 181 lengths[i][j-1]: 182
	 C2 i: 363 j: 332 a[i]: h b[j-1]: i b[j]:   and ij_considered: 1 lengths[i][j]:182 lengths[i-1][j]: 181 lengths[i][j-1]: 182
	 C2 i: 363 j: 331 a[i]: h b[j-1]: h b[j]: i and ij_considered: 1 lengths[i][j]:182 lengths[i-1][j]: 181 lengths[i][j-1]: 182
	 C1 i: 362 j: 329 a[i]: g a[i-1]: i b[j]: s and ij_considered: 1 lengths[i][j]:181 lengths[i-1][j]:181 lengths[i][j-1]: 181 
	 C2 i: 361 j: 329 a[i]: i b[j-1]: i b[j]: s and ij_considered: 1 lengths[i][j]:181 lengths[i-1][j]: 180 lengths[i][j-1]: 181
	 C2 i: 360 j: 327 a[i]: h b[j-1]: u b[j]: b and ij_considered: 1 lengths[i][j]:180 lengths[i-1][j]: 179 lengths[i][j-1]: 180
	 C2 i: 360 j: 326 a[i]: h b[j-1]: s b[j]: u and ij_considered: 1 lengths[i][j]:180 lengths[i-1][j]: 179 lengths[i][j-1]: 180
	 C2 i: 360 j: 325 a[i]: h b[j-1]: t b[j]: s and ij_considered: 1 lengths[i][j]:180 lengths[i-1][j]: 179 lengths[i][j-1]: 180
	 C2 i: 360 j: 324 a[i]: h b[j-1]: i b[j]: t and ij_considered: 1 lengths[i][j]:180 lengths[i-1][j]: 179 lengths[i][j-1]: 180
	 C2 i: 360 j: 323 a[i]: h b[j-1]: M b[j]: i and ij_considered: 1 lengths[i][j]:180 lengths[i-1][j]: 179 lengths[i][j-1]: 180
	 C2 i: 360 j: 322 a[i]: h b[j-1]:   b[j]: M and ij_considered: 1 lengths[i][j]:180 lengths[i-1][j]: 179 lengths[i][j-1]: 180
	 C2 i: 360 j: 321 a[i]: h b[j-1]: h b[j]:   and ij_considered: 1 lengths[i][j]:180 lengths[i-1][j]: 179 lengths[i][j-1]: 180
	 C2 i: 359 j: 319 a[i]:   b[j-1]: i b[j]: t and ij_considered: 1 lengths[i][j]:179 lengths[i-1][j]: 178 lengths[i][j-1]: 179
	 C2 i: 359 j: 318 a[i]:   b[j-1]: w b[j]: i and ij_considered: 1 lengths[i][j]:179 lengths[i-1][j]: 178 lengths[i][j-1]: 179
	 C2 i: 359 j: 317 a[i]:   b[j-1]:   b[j]: w and ij_considered: 1 lengths[i][j]:179 lengths[i-1][j]: 178 lengths[i][j-1]: 179
	 C1 i: 358 j: 315 a[i]: r a[i-1]: e b[j]: p and ij_considered: 1 lengths[i][j]:178 lengths[i-1][j]:178 lengths[i][j-1]: 177 
	 C1 i: 357 j: 315 a[i]: e a[i-1]: p b[j]: p and ij_considered: 1 lengths[i][j]:178 lengths[i-1][j]:178 lengths[i][j-1]: 177 
	 C1 i: 354 j: 313 a[i]: s a[i-1]: " b[j]: - and ij_considered: 1 lengths[i][j]:176 lengths[i-1][j]:176 lengths[i][j-1]: 176 
	 C1 i: 353 j: 313 a[i]: " a[i-1]:   b[j]: - and ij_considered: 1 lengths[i][j]:176 lengths[i-1][j]:176 lengths[i][j-1]: 176 
	 C1 i: 352 j: 313 a[i]:   a[i-1]: r b[j]: - and ij_considered: 1 lengths[i][j]:176 lengths[i-1][j]:176 lengths[i][j-1]: 176 
	 C1 i: 351 j: 313 a[i]: r a[i-1]: e b[j]: - and ij_considered: 1 lengths[i][j]:176 lengths[i-1][j]:176 lengths[i][j-1]: 176 
	 C2 i: 350 j: 313 a[i]: e b[j-1]: e b[j]: - and ij_considered: 1 lengths[i][j]:176 lengths[i-1][j]: 175 lengths[i][j-1]: 176
	 C1 i: 349 j: 311 a[i]: v a[i-1]: i b[j]: i and ij_considered: 1 lengths[i][j]:175 lengths[i-1][j]:175 lengths[i][j-1]: 174 
	 C2 i: 347 j: 310 a[i]: l b[j-1]:   b[j]: t and ij_considered: 1 lengths[i][j]:174 lengths[i-1][j]: 173 lengths[i][j-1]: 174
	 C2 i: 347 j: 309 a[i]: l b[j-1]: l b[j]:   and ij_considered: 1 lengths[i][j]:174 lengths[i-1][j]: 173 lengths[i][j-1]: 174
	 C2 i: 346 j: 307 a[i]: e b[j-1]: f b[j]: u and ij_considered: 1 lengths[i][j]:173 lengths[i-1][j]: 172 lengths[i][j-1]: 173
	 C2 i: 346 j: 306 a[i]: e b[j-1]: s b[j]: f and ij_considered: 1 lengths[i][j]:173 lengths[i-1][j]: 172 lengths[i][j-1]: 173
	 C2 i: 346 j: 305 a[i]: e b[j-1]: s b[j]: s and ij_considered: 1 lengths[i][j]:173 lengths[i-1][j]: 172 lengths[i][j-1]: 173
	 C2 i: 346 j: 304 a[i]: e b[j-1]: e b[j]: s and ij_considered: 1 lengths[i][j]:173 lengths[i-1][j]: 172 lengths[i][j-1]: 173
	 C1 i: 345 j: 302 a[i]: d a[i-1]:   b[j]: c and ij_considered: 1 lengths[i][j]:172 lengths[i-1][j]:172 lengths[i][j-1]: 172 
	 C2 i: 344 j: 302 a[i]:   b[j-1]: c b[j]: c and ij_considered: 1 lengths[i][j]:172 lengths[i-1][j]: 171 lengths[i][j-1]: 172
	 C2 i: 344 j: 301 a[i]:   b[j-1]: u b[j]: c and ij_considered: 1 lengths[i][j]:172 lengths[i-1][j]: 171 lengths[i][j-1]: 172
	 C2 i: 344 j: 300 a[i]:   b[j-1]: s b[j]: u and ij_considered: 1 lengths[i][j]:172 lengths[i-1][j]: 171 lengths[i][j-1]: 172
	 C2 i: 344 j: 299 a[i]:   b[j-1]:   b[j]: s and ij_considered: 1 lengths[i][j]:172 lengths[i-1][j]: 171 lengths[i][j-1]: 172
	 C1 i: 343 j: 297 a[i]: o a[i-1]: t b[j]: a and ij_considered: 1 lengths[i][j]:171 lengths[i-1][j]:171 lengths[i][j-1]: 171 
	 C1 i: 342 j: 297 a[i]: t a[i-1]:   b[j]: a and ij_considered: 1 lengths[i][j]:171 lengths[i-1][j]:171 lengths[i][j-1]: 171 
	 C2 i: 341 j: 297 a[i]:   b[j-1]:   b[j]: a and ij_considered: 1 lengths[i][j]:171 lengths[i-1][j]: 170 lengths[i][j-1]: 171
	 C1 i: 339 j: 294 a[i]: m a[i-1]: i b[j]: i and ij_considered: 1 lengths[i][j]:169 lengths[i-1][j]:169 lengths[i][j-1]: 168 
	 C1 i: 337 j: 293 a[i]: a a[i-1]:   b[j]:   and ij_considered: 1 lengths[i][j]:168 lengths[i-1][j]:168 lengths[i][j-1]: 167 
	 C1 i: 334 j: 291 a[i]: a a[i-1]: h b[j]: c and ij_considered: 1 lengths[i][j]:166 lengths[i-1][j]:166 lengths[i][j-1]: 166 
	 C1 i: 333 j: 291 a[i]: h a[i-1]: t b[j]: c and ij_considered: 1 lengths[i][j]:166 lengths[i-1][j]:166 lengths[i][j-1]: 166 
	 C1 i: 332 j: 291 a[i]: t a[i-1]:   b[j]: c and ij_considered: 1 lengths[i][j]:166 lengths[i-1][j]:166 lengths[i][j-1]: 166 
	 C1 i: 331 j: 291 a[i]:   a[i-1]: y b[j]: c and ij_considered: 1 lengths[i][j]:166 lengths[i-1][j]:166 lengths[i][j-1]: 166 
	 C1 i: 330 j: 291 a[i]: y a[i-1]: g b[j]: c and ij_considered: 1 lengths[i][j]:166 lengths[i-1][j]:166 lengths[i][j-1]: 166 
	 C1 i: 329 j: 291 a[i]: g a[i-1]: o b[j]: c and ij_considered: 1 lengths[i][j]:166 lengths[i-1][j]:166 lengths[i][j-1]: 166 
	 C1 i: 328 j: 291 a[i]: o a[i-1]: l b[j]: c and ij_considered: 1 lengths[i][j]:166 lengths[i-1][j]:166 lengths[i][j-1]: 166 
	 C1 i: 327 j: 291 a[i]: l a[i-1]: o b[j]: c and ij_considered: 1 lengths[i][j]:166 lengths[i-1][j]:166 lengths[i][j-1]: 166 
	 C1 i: 326 j: 291 a[i]: o a[i-1]: n b[j]: c and ij_considered: 1 lengths[i][j]:166 lengths[i-1][j]:166 lengths[i][j-1]: 166 
	 C1 i: 325 j: 291 a[i]: n a[i-1]: h b[j]: c and ij_considered: 1 lengths[i][j]:166 lengths[i-1][j]:166 lengths[i][j-1]: 165 
	 C1 i: 324 j: 291 a[i]: h a[i-1]: c b[j]: c and ij_considered: 1 lengths[i][j]:166 lengths[i-1][j]:166 lengths[i][j-1]: 165 
	 C1 i: 321 j: 289 a[i]: t a[i-1]:   b[j]: j and ij_considered: 1 lengths[i][j]:164 lengths[i-1][j]:164 lengths[i][j-1]: 164 
	 C2 i: 320 j: 289 a[i]:   b[j-1]: o b[j]: j and ij_considered: 1 lengths[i][j]:164 lengths[i-1][j]: 163 lengths[i][j-1]: 164
	 C2 i: 320 j: 288 a[i]:   b[j-1]: r b[j]: o and ij_considered: 1 lengths[i][j]:164 lengths[i-1][j]: 163 lengths[i][j-1]: 164
	 C2 i: 320 j: 287 a[i]:   b[j-1]: p b[j]: r and ij_considered: 1 lengths[i][j]:164 lengths[i-1][j]: 163 lengths[i][j-1]: 164
	 C2 i: 320 j: 286 a[i]:   b[j-1]:   b[j]: p and ij_considered: 1 lengths[i][j]:164 lengths[i-1][j]: 163 lengths[i][j-1]: 164
	 C1 i: 319 j: 284 a[i]: w a[i-1]: e b[j]: t and ij_considered: 1 lengths[i][j]:163 lengths[i-1][j]:163 lengths[i][j-1]: 163 
	 C2 i: 318 j: 284 a[i]: e b[j-1]: e b[j]: t and ij_considered: 1 lengths[i][j]:163 lengths[i-1][j]: 162 lengths[i][j-1]: 163
	 C2 i: 316 j: 281 a[i]:   b[j-1]: e b[j]: r and ij_considered: 1 lengths[i][j]:161 lengths[i-1][j]: 160 lengths[i][j-1]: 161
	 C2 i: 316 j: 280 a[i]:   b[j-1]: t b[j]: e and ij_considered: 1 lengths[i][j]:161 lengths[i-1][j]: 160 lengths[i][j-1]: 161
	 C2 i: 316 j: 279 a[i]:   b[j-1]: n b[j]: t and ij_considered: 1 lengths[i][j]:161 lengths[i-1][j]: 160 lengths[i][j-1]: 161
	 C2 i: 316 j: 278 a[i]:   b[j-1]: I b[j]: n and ij_considered: 1 lengths[i][j]:161 lengths[i-1][j]: 160 lengths[i][j-1]: 161
	 C2 i: 316 j: 277 a[i]:   b[j-1]:   b[j]: I and ij_considered: 1 lengths[i][j]:161 lengths[i-1][j]: 160 lengths[i][j-1]: 161
	 C1 i: 313 j: 273 a[i]: e a[i-1]: t b[j]: a and ij_considered: 1 lengths[i][j]:158 lengths[i-1][j]:158 lengths[i][j-1]: 158 
	 C1 i: 312 j: 273 a[i]: t a[i-1]:   b[j]: a and ij_considered: 1 lengths[i][j]:158 lengths[i-1][j]:158 lengths[i][j-1]: 158 
	 C2 i: 311 j: 273 a[i]:   b[j-1]: f b[j]: a and ij_considered: 1 lengths[i][j]:158 lengths[i-1][j]: 157 lengths[i][j-1]: 158
	 C2 i: 311 j: 272 a[i]:   b[j-1]:   b[j]: f and ij_considered: 1 lengths[i][j]:158 lengths[i-1][j]: 157 lengths[i][j-1]: 158
	 C1 i: 310 j: 270 a[i]: l a[i-1]: l b[j]: d and ij_considered: 1 lengths[i][j]:157 lengths[i-1][j]:157 lengths[i][j-1]: 157 
	 C1 i: 309 j: 270 a[i]: l a[i-1]: i b[j]: d and ij_considered: 1 lengths[i][j]:157 lengths[i-1][j]:157 lengths[i][j-1]: 157 
	 C2 i: 308 j: 270 a[i]: i b[j-1]: e b[j]: d and ij_considered: 1 lengths[i][j]:157 lengths[i-1][j]: 156 lengths[i][j-1]: 157
	 C2 i: 308 j: 269 a[i]: i b[j-1]: r b[j]: e and ij_considered: 1 lengths[i][j]:157 lengths[i-1][j]: 156 lengths[i][j-1]: 157
	 C2 i: 308 j: 268 a[i]: i b[j-1]: i b[j]: r and ij_considered: 1 lengths[i][j]:157 lengths[i-1][j]: 156 lengths[i][j-1]: 157
	 C1 i: 307 j: 266 a[i]: w a[i-1]:   b[j]: f and ij_considered: 1 lengths[i][j]:156 lengths[i-1][j]:156 lengths[i][j-1]: 156 
	 C1 i: 306 j: 266 a[i]:   a[i-1]: e b[j]: f and ij_considered: 1 lengths[i][j]:156 lengths[i-1][j]:156 lengths[i][j-1]: 156 
	 C2 i: 305 j: 266 a[i]: e b[j-1]: - b[j]: f and ij_considered: 1 lengths[i][j]:156 lengths[i-1][j]: 155 lengths[i][j-1]: 156
	 C2 i: 305 j: 265 a[i]: e b[j-1]: e b[j]: - and ij_considered: 1 lengths[i][j]:156 lengths[i-1][j]: 155 lengths[i][j-1]: 156
	 C1 i: 295 j: 254 a[i]: e a[i-1]: h b[j]: s and ij_considered: 1 lengths[i][j]:146 lengths[i-1][j]:146 lengths[i][j-1]: 146 
	 C1 i: 294 j: 254 a[i]: h a[i-1]: T b[j]: s and ij_considered: 1 lengths[i][j]:146 lengths[i-1][j]:146 lengths[i][j-1]: 146 
	 C1 i: 293 j: 254 a[i]: T a[i-1]:   b[j]: s and ij_considered: 1 lengths[i][j]:146 lengths[i-1][j]:146 lengths[i][j-1]: 146 
	 C2 i: 292 j: 254 a[i]:   b[j-1]: ' b[j]: s and ij_considered: 1 lengths[i][j]:146 lengths[i-1][j]: 145 lengths[i][j-1]: 146
	 C2 i: 292 j: 253 a[i]:   b[j-1]: A b[j]: ' and ij_considered: 1 lengths[i][j]:146 lengths[i-1][j]: 145 lengths[i][j-1]: 146
	 C2 i: 292 j: 252 a[i]:   b[j-1]: X b[j]: A and ij_considered: 1 lengths[i][j]:146 lengths[i-1][j]: 145 lengths[i][j-1]: 146
	 C2 i: 292 j: 251 a[i]:   b[j-1]: A b[j]: X and ij_considered: 1 lengths[i][j]:146 lengths[i-1][j]: 145 lengths[i][j-1]: 146
	 C2 i: 292 j: 250 a[i]:   b[j-1]: J b[j]: A and ij_considered: 1 lengths[i][j]:146 lengths[i-1][j]: 145 lengths[i][j-1]: 146
	 C2 i: 292 j: 249 a[i]:   b[j-1]:   b[j]: J and ij_considered: 1 lengths[i][j]:146 lengths[i-1][j]: 145 lengths[i][j-1]: 146
	 C2 i: 290 j: 246 a[i]: d b[j-1]: a b[j]: y and ij_considered: 1 lengths[i][j]:144 lengths[i-1][j]: 143 lengths[i][j-1]: 144
	 C2 i: 290 j: 245 a[i]: d b[j-1]: d b[j]: a and ij_considered: 1 lengths[i][j]:144 lengths[i-1][j]: 143 lengths[i][j-1]: 144
	 C1 i: 289 j: 243 a[i]: e a[i-1]: t b[j]: r and ij_considered: 1 lengths[i][j]:143 lengths[i-1][j]:143 lengths[i][j-1]: 143 
	 C1 i: 288 j: 243 a[i]: t a[i-1]: r b[j]: r and ij_considered: 1 lengths[i][j]:143 lengths[i-1][j]:143 lengths[i][j-1]: 143 
	 C2 i: 286 j: 242 a[i]: o b[j-1]: t b[j]: u and ij_considered: 1 lengths[i][j]:142 lengths[i-1][j]: 141 lengths[i][j-1]: 142
	 C2 i: 286 j: 241 a[i]: o b[j-1]: a b[j]: t and ij_considered: 1 lengths[i][j]:142 lengths[i-1][j]: 141 lengths[i][j-1]: 142
	 C2 i: 286 j: 240 a[i]: o b[j-1]: S b[j]: a and ij_considered: 1 lengths[i][j]:142 lengths[i-1][j]: 141 lengths[i][j-1]: 142
	 C2 i: 286 j: 239 a[i]: o b[j-1]:   b[j]: S and ij_considered: 1 lengths[i][j]:142 lengths[i-1][j]: 141 lengths[i][j-1]: 142
	 C2 i: 286 j: 238 a[i]: o b[j-1]: n b[j]:   and ij_considered: 1 lengths[i][j]:142 lengths[i-1][j]: 141 lengths[i][j-1]: 142
	 C2 i: 286 j: 237 a[i]: o b[j-1]: o b[j]: n and ij_considered: 1 lengths[i][j]:142 lengths[i-1][j]: 141 lengths[i][j-1]: 142
	 C1 i: 285 j: 235 a[i]: p a[i-1]: e b[j]:   and ij_considered: 1 lengths[i][j]:141 lengths[i-1][j]:141 lengths[i][j-1]: 140 
	 C1 i: 284 j: 235 a[i]: e a[i-1]: r b[j]:   and ij_considered: 1 lengths[i][j]:141 lengths[i-1][j]:141 lengths[i][j-1]: 140 
	 C1 i: 283 j: 235 a[i]: r a[i-1]:   b[j]:   and ij_considered: 1 lengths[i][j]:141 lengths[i-1][j]:141 lengths[i][j-1]: 140 
	 C1 i: 281 j: 234 a[i]: N a[i-1]: N b[j]: h and ij_considered: 1 lengths[i][j]:140 lengths[i-1][j]:140 lengths[i][j-1]: 140 
	 C1 i: 280 j: 234 a[i]: N a[i-1]: C b[j]: h and ij_considered: 1 lengths[i][j]:140 lengths[i-1][j]:140 lengths[i][j-1]: 140 
	 C1 i: 279 j: 234 a[i]: C a[i-1]:   b[j]: h and ij_considered: 1 lengths[i][j]:140 lengths[i-1][j]:140 lengths[i][j-1]: 140 
	 C2 i: 278 j: 234 a[i]:   b[j-1]: c b[j]: h and ij_considered: 1 lengths[i][j]:140 lengths[i-1][j]: 139 lengths[i][j-1]: 140
	 C2 i: 278 j: 233 a[i]:   b[j-1]: n b[j]: c and ij_considered: 1 lengths[i][j]:140 lengths[i-1][j]: 139 lengths[i][j-1]: 140
	 C2 i: 278 j: 232 a[i]:   b[j-1]: u b[j]: n and ij_considered: 1 lengths[i][j]:140 lengths[i-1][j]: 139 lengths[i][j-1]: 140
	 C2 i: 278 j: 231 a[i]:   b[j-1]: a b[j]: u and ij_considered: 1 lengths[i][j]:140 lengths[i-1][j]: 139 lengths[i][j-1]: 140
	 C2 i: 278 j: 230 a[i]:   b[j-1]: l b[j]: a and ij_considered: 1 lengths[i][j]:140 lengths[i-1][j]: 139 lengths[i][j-1]: 140
	 C2 i: 278 j: 229 a[i]:   b[j-1]:   b[j]: l and ij_considered: 1 lengths[i][j]:140 lengths[i-1][j]: 139 lengths[i][j-1]: 140
	 C1 i: 277 j: 227 a[i]: , a[i-1]: s b[j]: e and ij_considered: 1 lengths[i][j]:139 lengths[i-1][j]:139 lengths[i][j-1]: 138 
	 C1 i: 276 j: 227 a[i]: s a[i-1]: e b[j]: e and ij_considered: 1 lengths[i][j]:139 lengths[i-1][j]:139 lengths[i][j-1]: 138 
	 C2 i: 274 j: 226 a[i]: i b[j-1]: i b[j]: t and ij_considered: 1 lengths[i][j]:138 lengths[i-1][j]: 137 lengths[i][j-1]: 138
	 C1 i: 273 j: 224 a[i]: r a[i-1]: t b[j]: l and ij_considered: 1 lengths[i][j]:137 lengths[i-1][j]:137 lengths[i][j-1]: 137 
	 C2 i: 272 j: 224 a[i]: t b[j-1]: l b[j]: l and ij_considered: 1 lengths[i][j]:137 lengths[i-1][j]: 136 lengths[i][j-1]: 137
	 C2 i: 272 j: 223 a[i]: t b[j-1]: e b[j]: l and ij_considered: 1 lengths[i][j]:137 lengths[i-1][j]: 136 lengths[i][j-1]: 137
	 C2 i: 272 j: 222 a[i]: t b[j-1]: t b[j]: e and ij_considered: 1 lengths[i][j]:137 lengths[i-1][j]: 136 lengths[i][j-1]: 137
	 C2 i: 271 j: 220 a[i]: s b[j-1]: s b[j]: a and ij_considered: 1 lengths[i][j]:136 lengths[i-1][j]: 135 lengths[i][j-1]: 136
	 C1 i: 270 j: 218 a[i]: u a[i-1]: d b[j]:   and ij_considered: 1 lengths[i][j]:135 lengths[i-1][j]:135 lengths[i][j-1]: 134 
	 C1 i: 269 j: 218 a[i]: d a[i-1]: n b[j]:   and ij_considered: 1 lengths[i][j]:135 lengths[i-1][j]:135 lengths[i][j-1]: 134 
	 C1 i: 268 j: 218 a[i]: n a[i-1]: I b[j]:   and ij_considered: 1 lengths[i][j]:135 lengths[i-1][j]:135 lengths[i][j-1]: 134 
	 C1 i: 267 j: 218 a[i]: I a[i-1]:   b[j]:   and ij_considered: 1 lengths[i][j]:135 lengths[i-1][j]:135 lengths[i][j-1]: 134 
	 C1 i: 265 j: 217 a[i]: y a[i-1]: v b[j]: e and ij_considered: 1 lengths[i][j]:134 lengths[i-1][j]:134 lengths[i][j-1]: 133 
	 C1 i: 264 j: 217 a[i]: v a[i-1]: a b[j]: e and ij_considered: 1 lengths[i][j]:134 lengths[i-1][j]:134 lengths[i][j-1]: 133 
	 C1 i: 263 j: 217 a[i]: a a[i-1]: e b[j]: e and ij_considered: 1 lengths[i][j]:134 lengths[i-1][j]:134 lengths[i][j-1]: 133 
	 C1 i: 261 j: 216 a[i]: H a[i-1]:   b[j]: h and ij_considered: 1 lengths[i][j]:133 lengths[i-1][j]:133 lengths[i][j-1]: 132 
	 C1 i: 260 j: 216 a[i]:   a[i-1]: i b[j]: h and ij_considered: 1 lengths[i][j]:133 lengths[i-1][j]:133 lengths[i][j-1]: 132 
	 C1 i: 259 j: 216 a[i]: i a[i-1]: h b[j]: h and ij_considered: 1 lengths[i][j]:133 lengths[i-1][j]:133 lengths[i][j-1]: 132 
	 C1 i: 257 j: 215 a[i]: s a[i-1]: i b[j]: t and ij_considered: 1 lengths[i][j]:132 lengths[i-1][j]:132 lengths[i][j-1]: 131 
	 C1 i: 256 j: 215 a[i]: i a[i-1]: b b[j]: t and ij_considered: 1 lengths[i][j]:132 lengths[i-1][j]:132 lengths[i][j-1]: 131 
	 C1 i: 255 j: 215 a[i]: b a[i-1]: u b[j]: t and ij_considered: 1 lengths[i][j]:132 lengths[i-1][j]:132 lengths[i][j-1]: 131 
	 C1 i: 254 j: 215 a[i]: u a[i-1]: s b[j]: t and ij_considered: 1 lengths[i][j]:132 lengths[i-1][j]:132 lengths[i][j-1]: 131 
	 C1 i: 253 j: 215 a[i]: s a[i-1]: t b[j]: t and ij_considered: 1 lengths[i][j]:132 lengths[i-1][j]:132 lengths[i][j-1]: 131 
	 C1 i: 251 j: 214 a[i]: i a[i-1]: M b[j]:   and ij_considered: 1 lengths[i][j]:131 lengths[i-1][j]:131 lengths[i][j-1]: 130 
	 C1 i: 250 j: 214 a[i]: M a[i-1]:   b[j]:   and ij_considered: 1 lengths[i][j]:131 lengths[i-1][j]:131 lengths[i][j-1]: 130 
	 C1 i: 247 j: 212 a[i]: n a[i-1]: a b[j]: e and ij_considered: 1 lengths[i][j]:129 lengths[i-1][j]:129 lengths[i][j-1]: 129 
	 C2 i: 246 j: 212 a[i]: a b[j-1]: d b[j]: e and ij_considered: 1 lengths[i][j]:129 lengths[i-1][j]: 128 lengths[i][j-1]: 129
	 C2 i: 246 j: 211 a[i]: a b[j-1]: a b[j]: d and ij_considered: 1 lengths[i][j]:129 lengths[i-1][j]: 128 lengths[i][j-1]: 129
	 C2 i: 245 j: 209 a[i]:   b[j-1]: h b[j]: e and ij_considered: 1 lengths[i][j]:128 lengths[i-1][j]: 127 lengths[i][j-1]: 128
	 C2 i: 245 j: 208 a[i]:   b[j-1]: r b[j]: h and ij_considered: 1 lengths[i][j]:128 lengths[i-1][j]: 127 lengths[i][j-1]: 128
	 C2 i: 245 j: 207 a[i]:   b[j-1]: a b[j]: r and ij_considered: 1 lengths[i][j]:128 lengths[i-1][j]: 127 lengths[i][j-1]: 128
	 C2 i: 245 j: 206 a[i]:   b[j-1]: e b[j]: a and ij_considered: 1 lengths[i][j]:128 lengths[i-1][j]: 127 lengths[i][j-1]: 128
	 C2 i: 245 j: 205 a[i]:   b[j-1]: p b[j]: e and ij_considered: 1 lengths[i][j]:128 lengths[i-1][j]: 127 lengths[i][j-1]: 128
	 C2 i: 245 j: 204 a[i]:   b[j-1]: s b[j]: p and ij_considered: 1 lengths[i][j]:128 lengths[i-1][j]: 127 lengths[i][j-1]: 128
	 C2 i: 245 j: 203 a[i]:   b[j-1]:   b[j]: s and ij_considered: 1 lengths[i][j]:128 lengths[i-1][j]: 127 lengths[i][j-1]: 128
	 C1 i: 244 j: 201 a[i]: , a[i-1]: A b[j]: ) and ij_considered: 1 lengths[i][j]:127 lengths[i-1][j]:127 lengths[i][j-1]: 127 
	 C2 i: 243 j: 201 a[i]: A b[j-1]: A b[j]: ) and ij_considered: 1 lengths[i][j]:127 lengths[i-1][j]: 126 lengths[i][j-1]: 127
	 C1 i: 239 j: 196 a[i]:   a[i-1]: r b[j]: ( and ij_considered: 1 lengths[i][j]:123 lengths[i-1][j]:123 lengths[i][j-1]: 123 
	 C1 i: 238 j: 196 a[i]: r a[i-1]: o b[j]: ( and ij_considered: 1 lengths[i][j]:123 lengths[i-1][j]:123 lengths[i][j-1]: 123 
	 C1 i: 237 j: 196 a[i]: o a[i-1]:   b[j]: ( and ij_considered: 1 lengths[i][j]:123 lengths[i-1][j]:123 lengths[i][j-1]: 123 
	 C2 i: 236 j: 196 a[i]:   b[j-1]:   b[j]: ( and ij_considered: 1 lengths[i][j]:123 lengths[i-1][j]: 122 lengths[i][j-1]: 123
	 C1 i: 235 j: 194 a[i]: , a[i-1]: y b[j]: y and ij_considered: 1 lengths[i][j]:122 lengths[i-1][j]:122 lengths[i][j-1]: 121 
	 C1 i: 197 j: 157 a[i]: t a[i-1]:   b[j]: T and ij_considered: 1 lengths[i][j]:85 lengths[i-1][j]:85 lengths[i][j-1]: 85 
	 C2 i: 196 j: 157 a[i]:   b[j-1]:   b[j]: T and ij_considered: 1 lengths[i][j]:85 lengths[i-1][j]: 84 lengths[i][j-1]: 85
	 C2 i: 195 j: 155 a[i]: n b[j-1]: y b[j]: . and ij_considered: 1 lengths[i][j]:84 lengths[i-1][j]: 83 lengths[i][j-1]: 84
	 C2 i: 195 j: 154 a[i]: n b[j-1]: g b[j]: y and ij_considered: 1 lengths[i][j]:84 lengths[i-1][j]: 83 lengths[i][j-1]: 84
	 C2 i: 195 j: 153 a[i]: n b[j-1]: o b[j]: g and ij_considered: 1 lengths[i][j]:84 lengths[i-1][j]: 83 lengths[i][j-1]: 84
	 C2 i: 195 j: 152 a[i]: n b[j-1]: l b[j]: o and ij_considered: 1 lengths[i][j]:84 lengths[i-1][j]: 83 lengths[i][j-1]: 84
	 C2 i: 195 j: 151 a[i]: n b[j-1]: o b[j]: l and ij_considered: 1 lengths[i][j]:84 lengths[i-1][j]: 83 lengths[i][j-1]: 84
	 C2 i: 195 j: 150 a[i]: n b[j-1]: n b[j]: o and ij_considered: 1 lengths[i][j]:84 lengths[i-1][j]: 83 lengths[i][j-1]: 84
	 C1 i: 194 j: 148 a[i]: e a[i-1]: e b[j]: h and ij_considered: 1 lengths[i][j]:83 lengths[i-1][j]:83 lengths[i][j-1]: 83 
	 C2 i: 193 j: 148 a[i]: e b[j-1]: c b[j]: h and ij_considered: 1 lengths[i][j]:83 lengths[i-1][j]: 82 lengths[i][j-1]: 83
	 C2 i: 193 j: 147 a[i]: e b[j-1]: e b[j]: c and ij_considered: 1 lengths[i][j]:83 lengths[i-1][j]: 82 lengths[i][j-1]: 83
	 C1 i: 192 j: 145 a[i]: w a[i-1]: t b[j]: t and ij_considered: 1 lengths[i][j]:82 lengths[i-1][j]:82 lengths[i][j-1]: 81 
	 C1 i: 190 j: 144 a[i]: e a[i-1]: b b[j]:   and ij_considered: 1 lengths[i][j]:81 lengths[i-1][j]:81 lengths[i][j-1]: 80 
	 C1 i: 189 j: 144 a[i]: b a[i-1]:   b[j]:   and ij_considered: 1 lengths[i][j]:81 lengths[i-1][j]:81 lengths[i][j-1]: 80 
	 C1 i: 187 j: 143 a[i]: e a[i-1]: r b[j]: s and ij_considered: 1 lengths[i][j]:80 lengths[i-1][j]:80 lengths[i][j-1]: 80 
	 C1 i: 186 j: 143 a[i]: r a[i-1]: u b[j]: s and ij_considered: 1 lengths[i][j]:80 lengths[i-1][j]:80 lengths[i][j-1]: 80 
	 C1 i: 185 j: 143 a[i]: u a[i-1]: t b[j]: s and ij_considered: 1 lengths[i][j]:80 lengths[i-1][j]:80 lengths[i][j-1]: 80 
	 C2 i: 184 j: 143 a[i]: t b[j-1]: i b[j]: s and ij_considered: 1 lengths[i][j]:80 lengths[i-1][j]: 79 lengths[i][j-1]: 80
	 C2 i: 184 j: 142 a[i]: t b[j-1]: h b[j]: i and ij_considered: 1 lengths[i][j]:80 lengths[i-1][j]: 79 lengths[i][j-1]: 80
	 C2 i: 184 j: 141 a[i]: t b[j-1]: t b[j]: h and ij_considered: 1 lengths[i][j]:80 lengths[i-1][j]: 79 lengths[i][j-1]: 80
	 C1 i: 183 j: 139 a[i]: n a[i-1]: e b[j]:   and ij_considered: 1 lengths[i][j]:79 lengths[i-1][j]:79 lengths[i][j-1]: 78 
	 C1 i: 182 j: 139 a[i]: e a[i-1]: v b[j]:   and ij_considered: 1 lengths[i][j]:79 lengths[i-1][j]:79 lengths[i][j-1]: 78 
	 C1 i: 181 j: 139 a[i]: v a[i-1]:   b[j]:   and ij_considered: 1 lengths[i][j]:79 lengths[i-1][j]:79 lengths[i][j-1]: 78 
	 C1 i: 179 j: 138 a[i]: t a[i-1]: n b[j]: o and ij_considered: 1 lengths[i][j]:78 lengths[i-1][j]:78 lengths[i][j-1]: 78 
	 C1 i: 178 j: 138 a[i]: n a[i-1]: i b[j]: o and ij_considered: 1 lengths[i][j]:78 lengths[i-1][j]:78 lengths[i][j-1]: 77 
	 C1 i: 177 j: 138 a[i]: i a[i-1]: o b[j]: o and ij_considered: 1 lengths[i][j]:78 lengths[i-1][j]:78 lengths[i][j-1]: 77 
	 C1 i: 175 j: 137 a[i]: j a[i-1]:   b[j]: t and ij_considered: 1 lengths[i][j]:77 lengths[i-1][j]:77 lengths[i][j-1]: 77 
	 C1 i: 174 j: 137 a[i]:   a[i-1]: a b[j]: t and ij_considered: 1 lengths[i][j]:77 lengths[i-1][j]:77 lengths[i][j-1]: 77 
	 C1 i: 173 j: 137 a[i]: a a[i-1]:   b[j]: t and ij_considered: 1 lengths[i][j]:77 lengths[i-1][j]:77 lengths[i][j-1]: 77 
	 C1 i: 172 j: 137 a[i]:   a[i-1]: n b[j]: t and ij_considered: 1 lengths[i][j]:77 lengths[i-1][j]:77 lengths[i][j-1]: 77 
	 C1 i: 171 j: 137 a[i]: n a[i-1]: i b[j]: t and ij_considered: 1 lengths[i][j]:77 lengths[i-1][j]:77 lengths[i][j-1]: 77 
	 C1 i: 170 j: 137 a[i]: i a[i-1]:   b[j]: t and ij_considered: 1 lengths[i][j]:77 lengths[i-1][j]:77 lengths[i][j-1]: 77 
	 C2 i: 169 j: 137 a[i]:   b[j-1]:   b[j]: t and ij_considered: 1 lengths[i][j]:77 lengths[i-1][j]: 76 lengths[i][j-1]: 77
	 C1 i: 167 j: 134 a[i]: e a[i-1]: k b[j]: s and ij_considered: 1 lengths[i][j]:75 lengths[i-1][j]:75 lengths[i][j-1]: 75 
	 C1 i: 166 j: 134 a[i]: k a[i-1]: c b[j]: s and ij_considered: 1 lengths[i][j]:75 lengths[i-1][j]:75 lengths[i][j-1]: 75 
	 C1 i: 165 j: 134 a[i]: c a[i-1]: o b[j]: s and ij_considered: 1 lengths[i][j]:75 lengths[i-1][j]:75 lengths[i][j-1]: 75 
	 C2 i: 164 j: 134 a[i]: o b[j-1]: o b[j]: s and ij_considered: 1 lengths[i][j]:75 lengths[i-1][j]: 74 lengths[i][j-1]: 75
	 C1 i: 163 j: 132 a[i]: r a[i-1]:   b[j]: o and ij_considered: 1 lengths[i][j]:74 lengths[i-1][j]:74 lengths[i][j-1]: 74 
	 C2 i: 162 j: 132 a[i]:   b[j-1]: b b[j]: o and ij_considered: 1 lengths[i][j]:74 lengths[i-1][j]: 73 lengths[i][j-1]: 74
	 C2 i: 162 j: 131 a[i]:   b[j-1]:   b[j]: b and ij_considered: 1 lengths[i][j]:74 lengths[i-1][j]: 73 lengths[i][j-1]: 74
	 C2 i: 159 j: 127 a[i]: d b[j-1]: d b[j]: e and ij_considered: 1 lengths[i][j]:71 lengths[i-1][j]: 70 lengths[i][j-1]: 71
	 C1 i: 158 j: 125 a[i]: r a[i-1]: a b[j]: i and ij_considered: 1 lengths[i][j]:70 lengths[i-1][j]:70 lengths[i][j-1]: 70 
	 C1 i: 157 j: 125 a[i]: a a[i-1]: o b[j]: i and ij_considered: 1 lengths[i][j]:70 lengths[i-1][j]:70 lengths[i][j-1]: 70 
	 C2 i: 156 j: 125 a[i]: o b[j-1]: v b[j]: i and ij_considered: 1 lengths[i][j]:70 lengths[i-1][j]: 69 lengths[i][j-1]: 70
	 C2 i: 156 j: 124 a[i]: o b[j-1]: o b[j]: v and ij_considered: 1 lengths[i][j]:70 lengths[i-1][j]: 69 lengths[i][j-1]: 70
	 C1 i: 155 j: 122 a[i]: b a[i-1]: a b[j]: r and ij_considered: 1 lengths[i][j]:69 lengths[i-1][j]:69 lengths[i][j-1]: 69 
	 C1 i: 154 j: 122 a[i]: a a[i-1]:   b[j]: r and ij_considered: 1 lengths[i][j]:69 lengths[i-1][j]:69 lengths[i][j-1]: 69 
	 C2 i: 153 j: 122 a[i]:   b[j-1]: p b[j]: r and ij_considered: 1 lengths[i][j]:69 lengths[i-1][j]: 68 lengths[i][j-1]: 69
	 C2 i: 153 j: 121 a[i]:   b[j-1]:   b[j]: p and ij_considered: 1 lengths[i][j]:69 lengths[i-1][j]: 68 lengths[i][j-1]: 69
	 C1 i: 151 j: 118 a[i]: e a[i-1]: h b[j]: l and ij_considered: 1 lengths[i][j]:67 lengths[i-1][j]:67 lengths[i][j-1]: 67 
	 C1 i: 150 j: 118 a[i]: h a[i-1]: c b[j]: l and ij_considered: 1 lengths[i][j]:67 lengths[i-1][j]:67 lengths[i][j-1]: 67 
	 C1 i: 149 j: 118 a[i]: c a[i-1]: n b[j]: l and ij_considered: 1 lengths[i][j]:67 lengths[i-1][j]:67 lengths[i][j-1]: 67 
	 C1 i: 148 j: 118 a[i]: n a[i-1]: u b[j]: l and ij_considered: 1 lengths[i][j]:67 lengths[i-1][j]:67 lengths[i][j-1]: 67 
	 C1 i: 147 j: 118 a[i]: u a[i-1]: a b[j]: l and ij_considered: 1 lengths[i][j]:67 lengths[i-1][j]:67 lengths[i][j-1]: 67 
	 C1 i: 146 j: 118 a[i]: a a[i-1]: l b[j]: l and ij_considered: 1 lengths[i][j]:67 lengths[i-1][j]:67 lengths[i][j-1]: 66 
	 C2 i: 144 j: 117 a[i]:   b[j-1]: o b[j]: u and ij_considered: 1 lengths[i][j]:66 lengths[i-1][j]: 65 lengths[i][j-1]: 66
	 C2 i: 144 j: 116 a[i]:   b[j-1]: w b[j]: o and ij_considered: 1 lengths[i][j]:66 lengths[i-1][j]: 65 lengths[i][j-1]: 66
	 C2 i: 144 j: 115 a[i]:   b[j-1]:   b[j]: w and ij_considered: 1 lengths[i][j]:66 lengths[i-1][j]: 65 lengths[i][j-1]: 66
	 C1 i: 143 j: 113 a[i]: s a[i-1]: a b[j]: t and ij_considered: 1 lengths[i][j]:65 lengths[i-1][j]:65 lengths[i][j-1]: 65 
	 C2 i: 142 j: 113 a[i]: a b[j-1]: a b[j]: t and ij_considered: 1 lengths[i][j]:65 lengths[i-1][j]: 64 lengths[i][j-1]: 65
	 C1 i: 141 j: 111 a[i]: w a[i-1]:   b[j]: h and ij_considered: 1 lengths[i][j]:64 lengths[i-1][j]:64 lengths[i][j-1]: 64 
	 C2 i: 140 j: 111 a[i]:   b[j-1]: t b[j]: h and ij_considered: 1 lengths[i][j]:64 lengths[i-1][j]: 63 lengths[i][j-1]: 64
	 C2 i: 140 j: 110 a[i]:   b[j-1]:   b[j]: t and ij_considered: 1 lengths[i][j]:64 lengths[i-1][j]: 63 lengths[i][j-1]: 64
	 C1 i: 129 j: 98 a[i]: S a[i-1]: D b[j]: a and ij_considered: 1 lengths[i][j]:53 lengths[i-1][j]:53 lengths[i][j-1]: 53 
	 C1 i: 128 j: 98 a[i]: D a[i-1]: N b[j]: a and ij_considered: 1 lengths[i][j]:53 lengths[i-1][j]:53 lengths[i][j-1]: 53 
	 C1 i: 127 j: 98 a[i]: N a[i-1]: I b[j]: a and ij_considered: 1 lengths[i][j]:53 lengths[i-1][j]:53 lengths[i][j-1]: 53 
	 C1 i: 126 j: 98 a[i]: I a[i-1]: W b[j]: a and ij_considered: 1 lengths[i][j]:53 lengths[i-1][j]:53 lengths[i][j-1]: 53 
	 C1 i: 125 j: 98 a[i]: W a[i-1]:   b[j]: a and ij_considered: 1 lengths[i][j]:53 lengths[i-1][j]:53 lengths[i][j-1]: 53 
	 C2 i: 124 j: 98 a[i]:   b[j-1]:   b[j]: a and ij_considered: 1 lengths[i][j]:53 lengths[i-1][j]: 52 lengths[i][j-1]: 53
	 C2 i: 123 j: 96 a[i]: e b[j-1]: e b[j]: d and ij_considered: 1 lengths[i][j]:52 lengths[i-1][j]: 51 lengths[i][j-1]: 52
	 C1 i: 121 j: 93 a[i]: T a[i-1]:   b[j]: c and ij_considered: 1 lengths[i][j]:50 lengths[i-1][j]:50 lengths[i][j-1]: 49 
	 C1 i: 120 j: 93 a[i]:   a[i-1]: . b[j]: c and ij_considered: 1 lengths[i][j]:50 lengths[i-1][j]:50 lengths[i][j-1]: 49 
	 C1 i: 119 j: 93 a[i]: . a[i-1]: L b[j]: c and ij_considered: 1 lengths[i][j]:50 lengths[i-1][j]:50 lengths[i][j-1]: 49 
	 C1 i: 118 j: 93 a[i]: L a[i-1]: S b[j]: c and ij_considered: 1 lengths[i][j]:50 lengths[i-1][j]:50 lengths[i][j-1]: 49 
	 C1 i: 117 j: 93 a[i]: S a[i-1]: D b[j]: c and ij_considered: 1 lengths[i][j]:50 lengths[i-1][j]:50 lengths[i][j-1]: 49 
	 C1 i: 116 j: 93 a[i]: D a[i-1]:   b[j]: c and ij_considered: 1 lengths[i][j]:50 lengths[i-1][j]:50 lengths[i][j-1]: 49 
	 C1 i: 115 j: 93 a[i]:   a[i-1]: r b[j]: c and ij_considered: 1 lengths[i][j]:50 lengths[i-1][j]:50 lengths[i][j-1]: 49 
	 C1 i: 114 j: 93 a[i]: r a[i-1]: o b[j]: c and ij_considered: 1 lengths[i][j]:50 lengths[i-1][j]:50 lengths[i][j-1]: 49 
	 C1 i: 113 j: 93 a[i]: o a[i-1]:   b[j]: c and ij_considered: 1 lengths[i][j]:50 lengths[i-1][j]:50 lengths[i][j-1]: 49 
	 C1 i: 112 j: 93 a[i]:   a[i-1]: e b[j]: c and ij_considered: 1 lengths[i][j]:50 lengths[i-1][j]:50 lengths[i][j-1]: 49 
	 C1 i: 111 j: 93 a[i]: e a[i-1]: l b[j]: c and ij_considered: 1 lengths[i][j]:50 lengths[i-1][j]:50 lengths[i][j-1]: 49 
	 C1 i: 110 j: 93 a[i]: l a[i-1]: b b[j]: c and ij_considered: 1 lengths[i][j]:50 lengths[i-1][j]:50 lengths[i][j-1]: 49 
	 C1 i: 109 j: 93 a[i]: b a[i-1]: a b[j]: c and ij_considered: 1 lengths[i][j]:50 lengths[i-1][j]:50 lengths[i][j-1]: 49 
	 C1 i: 108 j: 93 a[i]: a a[i-1]: c b[j]: c and ij_considered: 1 lengths[i][j]:50 lengths[i-1][j]:50 lengths[i][j-1]: 49 
	 C1 i: 106 j: 92 a[i]:   a[i-1]: n b[j]: n and ij_considered: 1 lengths[i][j]:49 lengths[i-1][j]:49 lengths[i][j-1]: 48 
	 C2 i: 104 j: 91 a[i]: a b[j-1]: a b[j]: u and ij_considered: 1 lengths[i][j]:48 lengths[i-1][j]: 47 lengths[i][j-1]: 48
	 C1 i: 103 j: 89 a[i]: h a[i-1]: t b[j]: l and ij_considered: 1 lengths[i][j]:47 lengths[i-1][j]:47 lengths[i][j-1]: 47 
	 C1 i: 102 j: 89 a[i]: t a[i-1]:   b[j]: l and ij_considered: 1 lengths[i][j]:47 lengths[i-1][j]:47 lengths[i][j-1]: 47 
	 C2 i: 101 j: 89 a[i]:   b[j-1]:   b[j]: l and ij_considered: 1 lengths[i][j]:47 lengths[i-1][j]: 46 lengths[i][j-1]: 47
	 C1 i: 100 j: 87 a[i]: r a[i-1]: e b[j]: t and ij_considered: 1 lengths[i][j]:46 lengths[i-1][j]:46 lengths[i][j-1]: 45 
	 C1 i: 99 j: 87 a[i]: e a[i-1]: t b[j]: t and ij_considered: 1 lengths[i][j]:46 lengths[i-1][j]:46 lengths[i][j-1]: 45 
	 C1 i: 96 j: 85 a[i]: a a[i-1]: f b[j]: u and ij_considered: 1 lengths[i][j]:44 lengths[i-1][j]:44 lengths[i][j-1]: 44 
	 C1 i: 95 j: 85 a[i]: f a[i-1]:   b[j]: u and ij_considered: 1 lengths[i][j]:44 lengths[i-1][j]:44 lengths[i][j-1]: 44 
	 C2 i: 94 j: 85 a[i]:   b[j-1]: j b[j]: u and ij_considered: 1 lengths[i][j]:44 lengths[i-1][j]: 43 lengths[i][j-1]: 44
	 C2 i: 94 j: 84 a[i]:   b[j-1]:   b[j]: j and ij_considered: 1 lengths[i][j]:44 lengths[i-1][j]: 43 lengths[i][j-1]: 44
	 C1 i: 92 j: 81 a[i]: e a[i-1]: m b[j]: a and ij_considered: 1 lengths[i][j]:42 lengths[i-1][j]:42 lengths[i][j-1]: 42 
	 C1 i: 91 j: 81 a[i]: m a[i-1]: i b[j]: a and ij_considered: 1 lengths[i][j]:42 lengths[i-1][j]:42 lengths[i][j-1]: 42 
	 C1 i: 90 j: 81 a[i]: i a[i-1]: t b[j]: a and ij_considered: 1 lengths[i][j]:42 lengths[i-1][j]:42 lengths[i][j-1]: 42 
	 C1 i: 89 j: 81 a[i]: t a[i-1]:   b[j]: a and ij_considered: 1 lengths[i][j]:42 lengths[i-1][j]:42 lengths[i][j-1]: 42 
	 C2 i: 88 j: 81 a[i]:   b[j-1]: h b[j]: a and ij_considered: 1 lengths[i][j]:42 lengths[i-1][j]: 41 lengths[i][j-1]: 42
	 C2 i: 88 j: 80 a[i]:   b[j-1]:   b[j]: h and ij_considered: 1 lengths[i][j]:42 lengths[i-1][j]: 41 lengths[i][j-1]: 42
	 C1 i: 87 j: 78 a[i]: y a[i-1]: n b[j]: d and ij_considered: 1 lengths[i][j]:41 lengths[i-1][j]:41 lengths[i][j-1]: 41 
	 C2 i: 86 j: 78 a[i]: n b[j-1]: n b[j]: d and ij_considered: 1 lengths[i][j]:41 lengths[i-1][j]: 40 lengths[i][j-1]: 41
	 C1 i: 84 j: 75 a[i]: m a[i-1]:   b[j]:   and ij_considered: 1 lengths[i][j]:39 lengths[i-1][j]:39 lengths[i][j-1]: 38 
	 C1 i: 82 j: 74 a[i]: e a[i-1]: c b[j]: t and ij_considered: 1 lengths[i][j]:38 lengths[i-1][j]:38 lengths[i][j-1]: 37 
	 C1 i: 81 j: 74 a[i]: c a[i-1]: i b[j]: t and ij_considered: 1 lengths[i][j]:38 lengths[i-1][j]:38 lengths[i][j-1]: 37 
	 C1 i: 80 j: 74 a[i]: i a[i-1]: v b[j]: t and ij_considered: 1 lengths[i][j]:38 lengths[i-1][j]:38 lengths[i][j-1]: 37 
	 C1 i: 79 j: 74 a[i]: v a[i-1]: r b[j]: t and ij_considered: 1 lengths[i][j]:38 lengths[i-1][j]:38 lengths[i][j-1]: 37 
	 C1 i: 78 j: 74 a[i]: r a[i-1]: e b[j]: t and ij_considered: 1 lengths[i][j]:38 lengths[i-1][j]:38 lengths[i][j-1]: 37 
	 C1 i: 77 j: 74 a[i]: e a[i-1]: s b[j]: t and ij_considered: 1 lengths[i][j]:38 lengths[i-1][j]:38 lengths[i][j-1]: 37 
	 C1 i: 76 j: 74 a[i]: s a[i-1]:   b[j]: t and ij_considered: 1 lengths[i][j]:38 lengths[i-1][j]:38 lengths[i][j-1]: 37 
	 C1 i: 75 j: 74 a[i]:   a[i-1]: t b[j]: t and ij_considered: 1 lengths[i][j]:38 lengths[i-1][j]:38 lengths[i][j-1]: 37 
	 C1 i: 65 j: 65 a[i]: r a[i-1]: e b[j]: e and ij_considered: 1 lengths[i][j]:29 lengths[i-1][j]:29 lengths[i][j-1]: 28 
	 C1 i: 63 j: 64 a[i]: v a[i-1]: i b[j]: h and ij_considered: 1 lengths[i][j]:28 lengths[i-1][j]:28 lengths[i][j-1]: 28 
	 C1 i: 62 j: 64 a[i]: i a[i-1]: l b[j]: h and ij_considered: 1 lengths[i][j]:28 lengths[i-1][j]:28 lengths[i][j-1]: 28 
	 C1 i: 61 j: 64 a[i]: l a[i-1]: e b[j]: h and ij_considered: 1 lengths[i][j]:28 lengths[i-1][j]:28 lengths[i][j-1]: 28 
	 C1 i: 60 j: 64 a[i]: e a[i-1]: d b[j]: h and ij_considered: 1 lengths[i][j]:28 lengths[i-1][j]:28 lengths[i][j-1]: 28 
	 C1 i: 59 j: 64 a[i]: d a[i-1]:   b[j]: h and ij_considered: 1 lengths[i][j]:28 lengths[i-1][j]:28 lengths[i][j-1]: 28 
	 C2 i: 58 j: 64 a[i]:   b[j-1]: t b[j]: h and ij_considered: 1 lengths[i][j]:28 lengths[i-1][j]: 27 lengths[i][j-1]: 28
	 C2 i: 58 j: 63 a[i]:   b[j-1]:   b[j]: t and ij_considered: 1 lengths[i][j]:28 lengths[i-1][j]: 27 lengths[i][j-1]: 28
	 C1 i: 57 j: 61 a[i]: d a[i-1]: l b[j]: o and ij_considered: 1 lengths[i][j]:27 lengths[i-1][j]:27 lengths[i][j-1]: 26 
	 C1 i: 56 j: 61 a[i]: l a[i-1]: u b[j]: o and ij_considered: 1 lengths[i][j]:27 lengths[i-1][j]:27 lengths[i][j-1]: 26 
	 C1 i: 55 j: 61 a[i]: u a[i-1]: o b[j]: o and ij_considered: 1 lengths[i][j]:27 lengths[i-1][j]:27 lengths[i][j-1]: 26 
	 C1 i: 53 j: 60 a[i]: c a[i-1]:   b[j]: t and ij_considered: 1 lengths[i][j]:26 lengths[i-1][j]:26 lengths[i][j-1]: 26 
	 C2 i: 52 j: 60 a[i]:   b[j-1]:   b[j]: t and ij_considered: 1 lengths[i][j]:26 lengths[i-1][j]: 25 lengths[i][j-1]: 26
	 C1 i: 51 j: 58 a[i]: y a[i-1]: a b[j]: s and ij_considered: 1 lengths[i][j]:25 lengths[i-1][j]:25 lengths[i][j-1]: 25 
	 C2 i: 50 j: 58 a[i]: a b[j-1]: s b[j]: s and ij_considered: 1 lengths[i][j]:25 lengths[i-1][j]: 24 lengths[i][j-1]: 25
	 C2 i: 50 j: 57 a[i]: a b[j-1]: e b[j]: s and ij_considered: 1 lengths[i][j]:25 lengths[i-1][j]: 24 lengths[i][j-1]: 25
	 C2 i: 50 j: 56 a[i]: a b[j-1]: c b[j]: e and ij_considered: 1 lengths[i][j]:25 lengths[i-1][j]: 24 lengths[i][j-1]: 25
	 C2 i: 50 j: 55 a[i]: a b[j-1]: c b[j]: c and ij_considered: 1 lengths[i][j]:25 lengths[i-1][j]: 24 lengths[i][j-1]: 25
	 C2 i: 50 j: 54 a[i]: a b[j-1]: a b[j]: c and ij_considered: 1 lengths[i][j]:25 lengths[i-1][j]: 24 lengths[i][j-1]: 25
	 C2 i: 49 j: 52 a[i]: d b[j-1]: d b[j]:   and ij_considered: 1 lengths[i][j]:24 lengths[i-1][j]: 23 lengths[i][j-1]: 24
	 C2 i: 48 j: 50 a[i]: r b[j-1]: e b[j]: e and ij_considered: 1 lengths[i][j]:23 lengths[i-1][j]: 22 lengths[i][j-1]: 23
	 C2 i: 48 j: 49 a[i]: r b[j-1]: p b[j]: e and ij_considered: 1 lengths[i][j]:23 lengths[i-1][j]: 22 lengths[i][j-1]: 23
	 C2 i: 48 j: 48 a[i]: r b[j-1]: s b[j]: p and ij_considered: 1 lengths[i][j]:23 lengths[i-1][j]: 22 lengths[i][j-1]: 23
	 C2 i: 48 j: 47 a[i]: r b[j-1]:   b[j]: s and ij_considered: 1 lengths[i][j]:23 lengths[i-1][j]: 22 lengths[i][j-1]: 23
	 C2 i: 48 j: 46 a[i]: r b[j-1]: h b[j]:   and ij_considered: 1 lengths[i][j]:23 lengths[i-1][j]: 22 lengths[i][j-1]: 23
	 C2 i: 48 j: 45 a[i]: r b[j-1]: g b[j]: h and ij_considered: 1 lengths[i][j]:23 lengths[i-1][j]: 22 lengths[i][j-1]: 23
	 C2 i: 48 j: 44 a[i]: r b[j-1]: i b[j]: g and ij_considered: 1 lengths[i][j]:23 lengths[i-1][j]: 22 lengths[i][j-1]: 23
	 C2 i: 48 j: 43 a[i]: r b[j-1]: h b[j]: i and ij_considered: 1 lengths[i][j]:23 lengths[i-1][j]: 22 lengths[i][j-1]: 23
	 C2 i: 48 j: 42 a[i]: r b[j-1]:   b[j]: h and ij_considered: 1 lengths[i][j]:23 lengths[i-1][j]: 22 lengths[i][j-1]: 23
	 C2 i: 48 j: 41 a[i]: r b[j-1]: r b[j]:   and ij_considered: 1 lengths[i][j]:23 lengths[i-1][j]: 22 lengths[i][j-1]: 23
	 C2 i: 47 j: 39 a[i]: u b[j-1]: p b[j]: e and ij_considered: 1 lengths[i][j]:22 lengths[i-1][j]: 21 lengths[i][j-1]: 22
	 C2 i: 47 j: 38 a[i]: u b[j-1]: u b[j]: p and ij_considered: 1 lengths[i][j]:22 lengths[i-1][j]: 21 lengths[i][j-1]: 22
	 C1 i: 46 j: 36 a[i]: t a[i-1]: a b[j]: s and ij_considered: 1 lengths[i][j]:21 lengths[i-1][j]:21 lengths[i][j-1]: 21 
	 C1 i: 45 j: 36 a[i]: a a[i-1]: S b[j]: s and ij_considered: 1 lengths[i][j]:21 lengths[i-1][j]:21 lengths[i][j-1]: 21 
	 C1 i: 44 j: 36 a[i]: S a[i-1]:   b[j]: s and ij_considered: 1 lengths[i][j]:21 lengths[i-1][j]:21 lengths[i][j-1]: 21 
	 C2 i: 43 j: 36 a[i]:   b[j-1]:   b[j]: s and ij_considered: 1 lengths[i][j]:21 lengths[i-1][j]: 20 lengths[i][j-1]: 21
	 C2 i: 42 j: 34 a[i]: t b[j-1]: a b[j]: p and ij_considered: 1 lengths[i][j]:20 lengths[i-1][j]: 19 lengths[i][j-1]: 20
	 C2 i: 42 j: 33 a[i]: t b[j-1]: t b[j]: a and ij_considered: 1 lengths[i][j]:20 lengths[i-1][j]: 19 lengths[i][j-1]: 20
	 C1 i: 41 j: 31 a[i]: i a[i-1]: b b[j]:   and ij_considered: 1 lengths[i][j]:19 lengths[i-1][j]:19 lengths[i][j-1]: 19 
	 C1 i: 40 j: 31 a[i]: b a[i-1]: r b[j]:   and ij_considered: 1 lengths[i][j]:19 lengths[i-1][j]:19 lengths[i][j-1]: 19 
	 C1 i: 39 j: 31 a[i]: r a[i-1]: o b[j]:   and ij_considered: 1 lengths[i][j]:19 lengths[i-1][j]:19 lengths[i][j-1]: 19 
	 C1 i: 38 j: 31 a[i]: o a[i-1]:   b[j]:   and ij_considered: 1 lengths[i][j]:19 lengths[i-1][j]:19 lengths[i][j-1]: 19 
	 C1 i: 34 j: 28 a[i]: n a[i-1]: i b[j]:   and ij_considered: 1 lengths[i][j]:16 lengths[i-1][j]:16 lengths[i][j-1]: 16 
	 C2 i: 33 j: 28 a[i]: i b[j-1]: t b[j]:   and ij_considered: 1 lengths[i][j]:16 lengths[i-1][j]: 15 lengths[i][j-1]: 16
	 C2 i: 33 j: 27 a[i]: i b[j-1]: s b[j]: t and ij_considered: 1 lengths[i][j]:16 lengths[i-1][j]: 15 lengths[i][j-1]: 16
	 C2 i: 33 j: 26 a[i]: i b[j-1]: r b[j]: s and ij_considered: 1 lengths[i][j]:16 lengths[i-1][j]: 15 lengths[i][j-1]: 16
	 C2 i: 33 j: 25 a[i]: i b[j-1]: i b[j]: r and ij_considered: 1 lengths[i][j]:16 lengths[i-1][j]: 15 lengths[i][j-1]: 16
	 C2 i: 32 j: 23 a[i]:   b[j-1]:   b[j]: f and ij_considered: 1 lengths[i][j]:15 lengths[i-1][j]: 14 lengths[i][j-1]: 15
	 C1 i: 31 j: 21 a[i]: d a[i-1]: e b[j]: e and ij_considered: 1 lengths[i][j]:14 lengths[i-1][j]:14 lengths[i][j-1]: 13 
	 C1 i: 28 j: 19 a[i]: c a[i-1]: n b[j]: t and ij_considered: 1 lengths[i][j]:12 lengths[i-1][j]:12 lengths[i][j-1]: 12 
	 C1 i: 27 j: 19 a[i]: n a[i-1]: u b[j]: t and ij_considered: 1 lengths[i][j]:12 lengths[i-1][j]:12 lengths[i][j-1]: 12 
	 C1 i: 26 j: 19 a[i]: u a[i-1]: a b[j]: t and ij_considered: 1 lengths[i][j]:12 lengths[i-1][j]:12 lengths[i][j-1]: 12 
	 C1 i: 25 j: 19 a[i]: a a[i-1]: l b[j]: t and ij_considered: 1 lengths[i][j]:12 lengths[i-1][j]:12 lengths[i][j-1]: 12 
	 C1 i: 24 j: 19 a[i]: l a[i-1]:   b[j]: t and ij_considered: 1 lengths[i][j]:12 lengths[i-1][j]:12 lengths[i][j-1]: 12 
	 C1 i: 23 j: 19 a[i]:   a[i-1]: e b[j]: t and ij_considered: 1 lengths[i][j]:12 lengths[i-1][j]:12 lengths[i][j-1]: 12 
	 C1 i: 22 j: 19 a[i]: e a[i-1]: t b[j]: t and ij_considered: 1 lengths[i][j]:12 lengths[i-1][j]:12 lengths[i][j-1]: 11 
	 C1 i: 20 j: 18 a[i]: i a[i-1]: l b[j]:   and ij_considered: 1 lengths[i][j]:11 lengths[i-1][j]:11 lengths[i][j-1]: 11 
	 C1 i: 19 j: 18 a[i]: l a[i-1]: l b[j]:   and ij_considered: 1 lengths[i][j]:11 lengths[i-1][j]:11 lengths[i][j-1]: 11 
	 C1 i: 18 j: 18 a[i]: l a[i-1]: e b[j]:   and ij_considered: 1 lengths[i][j]:11 lengths[i-1][j]:11 lengths[i][j-1]: 11 
	 C2 i: 17 j: 18 a[i]: e b[j-1]: e b[j]:   and ij_considered: 1 lengths[i][j]:11 lengths[i-1][j]: 10 lengths[i][j-1]: 11
	 C1 i: 16 j: 16 a[i]: t a[i-1]: a b[j]: b and ij_considered: 1 lengths[i][j]:10 lengths[i-1][j]:10 lengths[i][j-1]: 10 
	 C1 i: 15 j: 16 a[i]: a a[i-1]: s b[j]: b and ij_considered: 1 lengths[i][j]:10 lengths[i-1][j]:10 lengths[i][j-1]: 10 
	 C1 i: 14 j: 16 a[i]: s a[i-1]:   b[j]: b and ij_considered: 1 lengths[i][j]:10 lengths[i-1][j]:10 lengths[i][j-1]: 10 
	 C2 i: 13 j: 16 a[i]:   b[j-1]:   b[j]: b and ij_considered: 1 lengths[i][j]:10 lengths[i-1][j]: 9 lengths[i][j-1]: 10
	 C1 i: 12 j: 14 a[i]: a a[i-1]:   b[j]: o and ij_considered: 1 lengths[i][j]:9 lengths[i-1][j]:9 lengths[i][j-1]: 9 
	 C2 i: 11 j: 14 a[i]:   b[j-1]: t b[j]: o and ij_considered: 1 lengths[i][j]:9 lengths[i-1][j]: 8 lengths[i][j-1]: 9
	 C2 i: 11 j: 13 a[i]:   b[j-1]:   b[j]: t and ij_considered: 1 lengths[i][j]:9 lengths[i-1][j]: 8 lengths[i][j-1]: 9
	 C1 i: 9 j: 10 a[i]: y a[i-1]: a b[j]: t and ij_considered: 1 lengths[i][j]:7 lengths[i-1][j]:7 lengths[i][j-1]: 7 
	 C2 i: 8 j: 10 a[i]: a b[j-1]: n b[j]: t and ij_considered: 1 lengths[i][j]:7 lengths[i-1][j]: 6 lengths[i][j-1]: 7
	 C2 i: 8 j: 9 a[i]: a b[j-1]: a b[j]: n and ij_considered: 1 lengths[i][j]:7 lengths[i-1][j]: 6 lengths[i][j-1]: 7
	 C1 i: 7 j: 7 a[i]: s a[i-1]:   b[j]: w and ij_considered: 1 lengths[i][j]:6 lengths[i-1][j]:6 lengths[i][j-1]: 6 
	 C2 i: 6 j: 7 a[i]:   b[j-1]:   b[j]: w and ij_considered: 1 lengths[i][j]:6 lengths[i-1][j]: 5 lengths[i][j-1]: 6
	 Finished tracing the matrix, error-inject-count: 0 ops-count: 216570 

	 Error-percent is 0.000000
	
	 Result: s an AXAJ mo nees  is dro et dna sertnI ehih pueile  si tce en ts ietilletas  .dro  eits eht da AXAJ ycnegA noitarolpxE ecapsoreA napaJ eh net t o to a do dl a etilletas  ehcna ts s na tenretnI e o adru t oti ehte  sa napaJ 

 Result-length: 223 


	 i: 0 result[i]: s 
	 i: 1 result[i]:   
	 i: 2 result[i]: a 
	 i: 3 result[i]: n 
	 i: 4 result[i]:   
	 i: 5 result[i]: A 
	 i: 6 result[i]: X 
	 i: 7 result[i]: A 
	 i: 8 result[i]: J 
	 i: 9 result[i]:   
	 i: 10 result[i]: m 
	 i: 11 result[i]: o 
	 i: 12 result[i]:   
	 i: 13 result[i]: n 
	 i: 14 result[i]: e 
	 i: 15 result[i]: e 
	 i: 16 result[i]: s 
	 i: 17 result[i]:   
	 i: 18 result[i]:   
	 i: 19 result[i]: i 
	 i: 20 result[i]: s 
	 i: 21 result[i]:   
	 i: 22 result[i]: d 
	 i: 23 result[i]: r 
	 i: 24 result[i]: o 
	 i: 25 result[i]:   
	 i: 26 result[i]: e 
	 i: 27 result[i]: t 
	 i: 28 result[i]:   
	 i: 29 result[i]: d 
	 i: 30 result[i]: n 
	 i: 31 result[i]: a 
	 i: 32 result[i]:   
	 i: 33 result[i]: s 
	 i: 34 result[i]: e 
	 i: 35 result[i]: r 
	 i: 36 result[i]: t 
	 i: 37 result[i]: n 
	 i: 38 result[i]: I 
	 i: 39 result[i]:   
	 i: 40 result[i]: e 
	 i: 41 result[i]: h 
	 i: 42 result[i]: i 
	 i: 43 result[i]: h 
	 i: 44 result[i]:   
	 i: 45 result[i]: p 
	 i: 46 result[i]: u 
	 i: 47 result[i]: e 
	 i: 48 result[i]: i 
	 i: 49 result[i]: l 
	 i: 50 result[i]: e 
	 i: 51 result[i]:   
	 i: 52 result[i]:   
	 i: 53 result[i]: s 
	 i: 54 result[i]: i 
	 i: 55 result[i]:   
	 i: 56 result[i]: t 
	 i: 57 result[i]: c 
	 i: 58 result[i]: e 
	 i: 59 result[i]:   
	 i: 60 result[i]: e 
	 i: 61 result[i]: n 
	 i: 62 result[i]:   
	 i: 63 result[i]: t 
	 i: 64 result[i]: s 
	 i: 65 result[i]:   
	 i: 66 result[i]: i 
	 i: 67 result[i]: e 
	 i: 68 result[i]: t 
	 i: 69 result[i]: i 
	 i: 70 result[i]: l 
	 i: 71 result[i]: l 
	 i: 72 result[i]: e 
	 i: 73 result[i]: t 
	 i: 74 result[i]: a 
	 i: 75 result[i]: s 
	 i: 76 result[i]:   
	 i: 77 result[i]:   
	 i: 78 result[i]: . 
	 i: 79 result[i]: d 
	 i: 80 result[i]: r 
	 i: 81 result[i]: o 
	 i: 82 result[i]:   
	 i: 83 result[i]:   
	 i: 84 result[i]: e 
	 i: 85 result[i]: i 
	 i: 86 result[i]: t 
	 i: 87 result[i]: s 
	 i: 88 result[i]:   
	 i: 89 result[i]: e 
	 i: 90 result[i]: h 
	 i: 91 result[i]: t 
	 i: 92 result[i]:   
	 i: 93 result[i]: d 
	 i: 94 result[i]: a 
	 i: 95 result[i]:   
	 i: 96 result[i]: A 
	 i: 97 result[i]: X 
	 i: 98 result[i]: A 
	 i: 99 result[i]: J 
	 i: 100 result[i]:   
	 i: 101 result[i]: y 
	 i: 102 result[i]: c 
	 i: 103 result[i]: n 
	 i: 104 result[i]: e 
	 i: 105 result[i]: g 
	 i: 106 result[i]: A 
	 i: 107 result[i]:   
	 i: 108 result[i]: n 
	 i: 109 result[i]: o 
	 i: 110 result[i]: i 
	 i: 111 result[i]: t 
	 i: 112 result[i]: a 
	 i: 113 result[i]: r 
	 i: 114 result[i]: o 
	 i: 115 result[i]: l 
	 i: 116 result[i]: p 
	 i: 117 result[i]: x 
	 i: 118 result[i]: E 
	 i: 119 result[i]:   
	 i: 120 result[i]: e 
	 i: 121 result[i]: c 
	 i: 122 result[i]: a 
	 i: 123 result[i]: p 
	 i: 124 result[i]: s 
	 i: 125 result[i]: o 
	 i: 126 result[i]: r 
	 i: 127 result[i]: e 
	 i: 128 result[i]: A 
	 i: 129 result[i]:   
	 i: 130 result[i]: n 
	 i: 131 result[i]: a 
	 i: 132 result[i]: p 
	 i: 133 result[i]: a 
	 i: 134 result[i]: J 
	 i: 135 result[i]:   
	 i: 136 result[i]: e 
	 i: 137 result[i]: h 
	 i: 138 result[i]:   
	 i: 139 result[i]: n 
	 i: 140 result[i]: e 
	 i: 141 result[i]: t 
	 i: 142 result[i]:   
	 i: 143 result[i]: t 
	 i: 144 result[i]:   
	 i: 145 result[i]: o 
	 i: 146 result[i]:   
	 i: 147 result[i]: t 
	 i: 148 result[i]: o 
	 i: 149 result[i]:   
	 i: 150 result[i]: a 
	 i: 151 result[i]:   
	 i: 152 result[i]: d 
	 i: 153 result[i]: o 
	 i: 154 result[i]:   
	 i: 155 result[i]: d 
	 i: 156 result[i]: l 
	 i: 157 result[i]:   
	 i: 158 result[i]: a 
	 i: 159 result[i]:   
	 i: 160 result[i]: e 
	 i: 161 result[i]: t 
	 i: 162 result[i]: i 
	 i: 163 result[i]: l 
	 i: 164 result[i]: l 
	 i: 165 result[i]: e 
	 i: 166 result[i]: t 
	 i: 167 result[i]: a 
	 i: 168 result[i]: s 
	 i: 169 result[i]:   
	 i: 170 result[i]:   
	 i: 171 result[i]: e 
	 i: 172 result[i]: h 
	 i: 173 result[i]: c 
	 i: 174 result[i]: n 
	 i: 175 result[i]: a 
	 i: 176 result[i]:   
	 i: 177 result[i]: t 
	 i: 178 result[i]: s 
	 i: 179 result[i]:   
	 i: 180 result[i]: s 
	 i: 181 result[i]:   
	 i: 182 result[i]: n 
	 i: 183 result[i]: a 
	 i: 184 result[i]:   
	 i: 185 result[i]: t 
	 i: 186 result[i]: e 
	 i: 187 result[i]: n 
	 i: 188 result[i]: r 
	 i: 189 result[i]: e 
	 i: 190 result[i]: t 
	 i: 191 result[i]: n 
	 i: 192 result[i]: I 
	 i: 193 result[i]:   
	 i: 194 result[i]: e 
	 i: 195 result[i]:   
	 i: 196 result[i]: o 
	 i: 197 result[i]:   
	 i: 198 result[i]: a 
	 i: 199 result[i]: d 
	 i: 200 result[i]: r 
	 i: 201 result[i]: u 
	 i: 202 result[i]:   
	 i: 203 result[i]: t 
	 i: 204 result[i]:   
	 i: 205 result[i]: o 
	 i: 206 result[i]: t 
	 i: 207 result[i]: i 
	 i: 208 result[i]:   
	 i: 209 result[i]: e 
	 i: 210 result[i]: h 
	 i: 211 result[i]: t 
	 i: 212 result[i]: e 
	 i: 213 result[i]:   
	 i: 214 result[i]:   
	 i: 215 result[i]: s 
	 i: 216 result[i]: a 
	 i: 217 result[i]:   
	 i: 218 result[i]: n 
	 i: 219 result[i]: a 
	 i: 220 result[i]: p 
	 i: 221 result[i]: a 
	 i: 222 result[i]: J 